2022-05-22 21:28:22,952 INFO [main] c.l.CommunityApplicationTests [StartupInfoLogger.java:55] Starting CommunityApplicationTests on LAPTOP-8HNF67T3 with PID 7976 (started by laixi in D:\idea\ideafile\community)
2022-05-22 21:28:22,956 INFO [main] c.l.CommunityApplicationTests [SpringApplication.java:651] No active profile set, falling back to default profiles: default
2022-05-22 21:28:24,316 INFO [main] o.s.s.c.ThreadPoolTaskExecutor [ExecutorConfigurationSupport.java:181] Initializing ExecutorService 'applicationTaskExecutor'
2022-05-22 21:28:24,418 INFO [main] o.s.b.a.w.s.WelcomePageHandlerMapping [WelcomePageHandlerMapping.java:58] Adding welcome page template: index
2022-05-22 21:28:24,645 INFO [main] c.l.CommunityApplicationTests [StartupInfoLogger.java:61] Started CommunityApplicationTests in 1.951 seconds (JVM running for 2.855)
2022-05-22 21:28:24,854 INFO [main] c.z.h.HikariDataSource [HikariDataSource.java:110] defaultDataSource - Starting...
2022-05-22 21:28:25,709 INFO [main] c.z.h.HikariDataSource [HikariDataSource.java:123] defaultDataSource - Start completed.
2022-05-22 21:28:25,756 INFO [SpringContextShutdownHook] o.s.s.c.ThreadPoolTaskExecutor [ExecutorConfigurationSupport.java:218] Shutting down ExecutorService 'applicationTaskExecutor'
2022-05-22 21:28:25,757 INFO [SpringContextShutdownHook] c.z.h.HikariDataSource [HikariDataSource.java:350] defaultDataSource - Shutdown initiated...
2022-05-22 21:28:25,759 INFO [SpringContextShutdownHook] c.z.h.HikariDataSource [HikariDataSource.java:352] defaultDataSource - Shutdown completed.
2022-05-22 21:29:52,926 INFO [main] c.l.CommunityApplicationTests [StartupInfoLogger.java:55] Starting CommunityApplicationTests on LAPTOP-8HNF67T3 with PID 21152 (started by laixi in D:\idea\ideafile\community)
2022-05-22 21:29:52,927 INFO [main] c.l.CommunityApplicationTests [SpringApplication.java:651] No active profile set, falling back to default profiles: default
2022-05-22 21:29:54,047 INFO [main] o.s.s.c.ThreadPoolTaskExecutor [ExecutorConfigurationSupport.java:181] Initializing ExecutorService 'applicationTaskExecutor'
2022-05-22 21:29:54,135 INFO [main] o.s.b.a.w.s.WelcomePageHandlerMapping [WelcomePageHandlerMapping.java:58] Adding welcome page template: index
2022-05-22 21:29:54,326 INFO [main] c.l.CommunityApplicationTests [StartupInfoLogger.java:61] Started CommunityApplicationTests in 1.634 seconds (JVM running for 2.416)
2022-05-22 21:29:54,503 INFO [main] c.z.h.HikariDataSource [HikariDataSource.java:110] defaultDataSource - Starting...
2022-05-22 21:29:55,239 INFO [main] c.z.h.HikariDataSource [HikariDataSource.java:123] defaultDataSource - Start completed.
2022-05-22 21:29:55,279 INFO [SpringContextShutdownHook] o.s.s.c.ThreadPoolTaskExecutor [ExecutorConfigurationSupport.java:218] Shutting down ExecutorService 'applicationTaskExecutor'
2022-05-22 21:29:55,280 INFO [SpringContextShutdownHook] c.z.h.HikariDataSource [HikariDataSource.java:350] defaultDataSource - Shutdown initiated...
2022-05-22 21:29:55,282 INFO [SpringContextShutdownHook] c.z.h.HikariDataSource [HikariDataSource.java:352] defaultDataSource - Shutdown completed.
2022-05-22 21:31:06,919 INFO [main] c.l.CommunityApplicationTests [StartupInfoLogger.java:55] Starting CommunityApplicationTests on LAPTOP-8HNF67T3 with PID 21188 (started by laixi in D:\idea\ideafile\community)
2022-05-22 21:31:06,920 INFO [main] c.l.CommunityApplicationTests [SpringApplication.java:651] No active profile set, falling back to default profiles: default
2022-05-22 21:31:08,019 INFO [main] o.s.s.c.ThreadPoolTaskExecutor [ExecutorConfigurationSupport.java:181] Initializing ExecutorService 'applicationTaskExecutor'
2022-05-22 21:31:08,105 INFO [main] o.s.b.a.w.s.WelcomePageHandlerMapping [WelcomePageHandlerMapping.java:58] Adding welcome page template: index
2022-05-22 21:31:08,317 INFO [main] c.l.CommunityApplicationTests [StartupInfoLogger.java:61] Started CommunityApplicationTests in 1.626 seconds (JVM running for 2.477)
2022-05-22 21:31:08,466 INFO [main] c.z.h.HikariDataSource [HikariDataSource.java:110] defaultDataSource - Starting...
2022-05-22 21:31:09,128 INFO [main] c.z.h.HikariDataSource [HikariDataSource.java:123] defaultDataSource - Start completed.
2022-05-22 21:31:09,164 INFO [SpringContextShutdownHook] o.s.s.c.ThreadPoolTaskExecutor [ExecutorConfigurationSupport.java:218] Shutting down ExecutorService 'applicationTaskExecutor'
2022-05-22 21:31:09,165 INFO [SpringContextShutdownHook] c.z.h.HikariDataSource [HikariDataSource.java:350] defaultDataSource - Shutdown initiated...
2022-05-22 21:31:09,166 INFO [SpringContextShutdownHook] c.z.h.HikariDataSource [HikariDataSource.java:352] defaultDataSource - Shutdown completed.
2022-05-22 21:36:22,374 INFO [main] c.l.CommunityApplicationTests [StartupInfoLogger.java:55] Starting CommunityApplicationTests on LAPTOP-8HNF67T3 with PID 20096 (started by laixi in D:\idea\ideafile\community)
2022-05-22 21:36:22,375 INFO [main] c.l.CommunityApplicationTests [SpringApplication.java:651] No active profile set, falling back to default profiles: default
2022-05-22 21:36:23,485 INFO [main] o.s.s.c.ThreadPoolTaskExecutor [ExecutorConfigurationSupport.java:181] Initializing ExecutorService 'applicationTaskExecutor'
2022-05-22 21:36:23,569 INFO [main] o.s.b.a.w.s.WelcomePageHandlerMapping [WelcomePageHandlerMapping.java:58] Adding welcome page template: index
2022-05-22 21:36:23,777 INFO [main] c.l.CommunityApplicationTests [StartupInfoLogger.java:61] Started CommunityApplicationTests in 1.636 seconds (JVM running for 2.45)
2022-05-22 21:36:23,918 INFO [main] c.z.h.HikariDataSource [HikariDataSource.java:110] defaultDataSource - Starting...
2022-05-22 21:36:24,595 INFO [main] c.z.h.HikariDataSource [HikariDataSource.java:123] defaultDataSource - Start completed.
2022-05-22 21:36:24,629 INFO [SpringContextShutdownHook] o.s.s.c.ThreadPoolTaskExecutor [ExecutorConfigurationSupport.java:218] Shutting down ExecutorService 'applicationTaskExecutor'
2022-05-22 21:36:24,630 INFO [SpringContextShutdownHook] c.z.h.HikariDataSource [HikariDataSource.java:350] defaultDataSource - Shutdown initiated...
2022-05-22 21:36:24,632 INFO [SpringContextShutdownHook] c.z.h.HikariDataSource [HikariDataSource.java:352] defaultDataSource - Shutdown completed.
2022-05-22 21:37:44,903 INFO [main] c.l.CommunityApplicationTests [StartupInfoLogger.java:55] Starting CommunityApplicationTests on LAPTOP-8HNF67T3 with PID 19332 (started by laixi in D:\idea\ideafile\community)
2022-05-22 21:37:44,904 INFO [main] c.l.CommunityApplicationTests [SpringApplication.java:651] No active profile set, falling back to default profiles: default
2022-05-22 21:37:46,002 INFO [main] o.s.s.c.ThreadPoolTaskExecutor [ExecutorConfigurationSupport.java:181] Initializing ExecutorService 'applicationTaskExecutor'
2022-05-22 21:37:46,082 INFO [main] o.s.b.a.w.s.WelcomePageHandlerMapping [WelcomePageHandlerMapping.java:58] Adding welcome page template: index
2022-05-22 21:37:46,282 INFO [main] c.l.CommunityApplicationTests [StartupInfoLogger.java:61] Started CommunityApplicationTests in 1.612 seconds (JVM running for 2.372)
2022-05-22 21:37:46,443 INFO [main] c.z.h.HikariDataSource [HikariDataSource.java:110] defaultDataSource - Starting...
2022-05-22 21:37:47,133 INFO [main] c.z.h.HikariDataSource [HikariDataSource.java:123] defaultDataSource - Start completed.
2022-05-22 21:37:47,166 INFO [SpringContextShutdownHook] o.s.s.c.ThreadPoolTaskExecutor [ExecutorConfigurationSupport.java:218] Shutting down ExecutorService 'applicationTaskExecutor'
2022-05-22 21:37:47,167 INFO [SpringContextShutdownHook] c.z.h.HikariDataSource [HikariDataSource.java:350] defaultDataSource - Shutdown initiated...
2022-05-22 21:37:47,169 INFO [SpringContextShutdownHook] c.z.h.HikariDataSource [HikariDataSource.java:352] defaultDataSource - Shutdown completed.
2022-05-22 21:38:01,068 INFO [main] c.l.CommunityApplicationTests [StartupInfoLogger.java:55] Starting CommunityApplicationTests on LAPTOP-8HNF67T3 with PID 13444 (started by laixi in D:\idea\ideafile\community)
2022-05-22 21:38:01,069 INFO [main] c.l.CommunityApplicationTests [SpringApplication.java:651] No active profile set, falling back to default profiles: default
2022-05-22 21:38:02,339 INFO [main] o.s.s.c.ThreadPoolTaskExecutor [ExecutorConfigurationSupport.java:181] Initializing ExecutorService 'applicationTaskExecutor'
2022-05-22 21:38:02,435 INFO [main] o.s.b.a.w.s.WelcomePageHandlerMapping [WelcomePageHandlerMapping.java:58] Adding welcome page template: index
2022-05-22 21:38:02,647 INFO [main] c.l.CommunityApplicationTests [StartupInfoLogger.java:61] Started CommunityApplicationTests in 1.811 seconds (JVM running for 2.566)
2022-05-22 21:38:02,820 INFO [main] c.z.h.HikariDataSource [HikariDataSource.java:110] defaultDataSource - Starting...
2022-05-22 21:38:03,552 INFO [main] c.z.h.HikariDataSource [HikariDataSource.java:123] defaultDataSource - Start completed.
2022-05-22 21:38:03,604 INFO [SpringContextShutdownHook] o.s.s.c.ThreadPoolTaskExecutor [ExecutorConfigurationSupport.java:218] Shutting down ExecutorService 'applicationTaskExecutor'
2022-05-22 21:38:03,604 INFO [SpringContextShutdownHook] c.z.h.HikariDataSource [HikariDataSource.java:350] defaultDataSource - Shutdown initiated...
2022-05-22 21:38:03,606 INFO [SpringContextShutdownHook] c.z.h.HikariDataSource [HikariDataSource.java:352] defaultDataSource - Shutdown completed.
2022-05-22 22:23:33,922 INFO [restartedMain] c.l.CommunityApplication [StartupInfoLogger.java:55] Starting CommunityApplication on LAPTOP-8HNF67T3 with PID 16584 (D:\idea\ideafile\community\target\classes started by laixi in D:\idea\ideafile\community)
2022-05-22 22:23:33,922 INFO [restartedMain] c.l.CommunityApplication [SpringApplication.java:651] No active profile set, falling back to default profiles: default
2022-05-22 22:23:33,952 INFO [restartedMain] o.s.b.d.e.DevToolsPropertyDefaultsPostProcessor [DeferredLog.java:225] Devtools property defaults active! Set 'spring.devtools.add-properties' to 'false' to disable
2022-05-22 22:23:33,952 INFO [restartedMain] o.s.b.d.e.DevToolsPropertyDefaultsPostProcessor [DeferredLog.java:225] For additional web related logging consider setting the 'logging.level.web' property to 'DEBUG'
2022-05-22 22:23:34,587 INFO [restartedMain] o.s.b.w.e.t.TomcatWebServer [TomcatWebServer.java:108] Tomcat initialized with port(s): 8080 (http)
2022-05-22 22:23:34,595 INFO [restartedMain] o.a.c.h.Http11NioProtocol [DirectJDKLog.java:173] Initializing ProtocolHandler ["http-nio-8080"]
2022-05-22 22:23:34,596 INFO [restartedMain] o.a.c.c.StandardService [DirectJDKLog.java:173] Starting service [Tomcat]
2022-05-22 22:23:34,596 INFO [restartedMain] o.a.c.c.StandardEngine [DirectJDKLog.java:173] Starting Servlet engine: [Apache Tomcat/9.0.41]
2022-05-22 22:23:34,598 INFO [restartedMain] o.a.c.c.AprLifecycleListener [DirectJDKLog.java:173] Loaded Apache Tomcat Native library [1.2.31] using APR version [1.7.0].
2022-05-22 22:23:34,598 INFO [restartedMain] o.a.c.c.AprLifecycleListener [DirectJDKLog.java:173] APR capabilities: IPv6 [true], sendfile [true], accept filters [false], random [true].
2022-05-22 22:23:34,598 INFO [restartedMain] o.a.c.c.AprLifecycleListener [DirectJDKLog.java:173] APR/OpenSSL configuration: useAprConnector [false], useOpenSSL [true]
2022-05-22 22:23:34,601 INFO [restartedMain] o.a.c.c.AprLifecycleListener [DirectJDKLog.java:173] OpenSSL successfully initialized [OpenSSL 1.1.1l  24 Aug 2021]
2022-05-22 22:23:34,692 INFO [restartedMain] o.a.c.c.C.[.[.[/community] [DirectJDKLog.java:173] Initializing Spring embedded WebApplicationContext
2022-05-22 22:23:34,692 INFO [restartedMain] o.s.b.w.s.c.ServletWebServerApplicationContext [ServletWebServerApplicationContext.java:285] Root WebApplicationContext: initialization completed in 731 ms
2022-05-22 22:23:35,002 INFO [restartedMain] o.s.s.c.ThreadPoolTaskExecutor [ExecutorConfigurationSupport.java:181] Initializing ExecutorService 'applicationTaskExecutor'
2022-05-22 22:23:35,037 INFO [restartedMain] o.s.b.a.w.s.WelcomePageHandlerMapping [WelcomePageHandlerMapping.java:58] Adding welcome page template: index
2022-05-22 22:23:35,162 INFO [restartedMain] o.s.b.d.a.OptionalLiveReloadServer [OptionalLiveReloadServer.java:58] LiveReload server is running on port 35729
2022-05-22 22:23:35,171 INFO [restartedMain] o.a.c.h.Http11NioProtocol [DirectJDKLog.java:173] Starting ProtocolHandler ["http-nio-8080"]
2022-05-22 22:23:35,184 INFO [restartedMain] o.s.b.w.e.t.TomcatWebServer [TomcatWebServer.java:220] Tomcat started on port(s): 8080 (http) with context path '/community'
2022-05-22 22:23:35,190 INFO [restartedMain] c.l.CommunityApplication [StartupInfoLogger.java:61] Started CommunityApplication in 1.494 seconds (JVM running for 2.132)
2022-05-22 22:23:46,557 INFO [http-nio-8080-exec-3] o.a.c.c.C.[.[.[/community] [DirectJDKLog.java:173] Initializing Spring DispatcherServlet 'dispatcherServlet'
2022-05-22 22:23:46,557 INFO [http-nio-8080-exec-3] o.s.w.s.DispatcherServlet [FrameworkServlet.java:525] Initializing Servlet 'dispatcherServlet'
2022-05-22 22:23:46,560 INFO [http-nio-8080-exec-3] o.s.w.s.DispatcherServlet [FrameworkServlet.java:547] Completed initialization in 3 ms
2022-05-22 22:23:46,594 INFO [http-nio-8080-exec-3] c.z.h.HikariDataSource [HikariDataSource.java:110] defaultDataSource - Starting...
2022-05-22 22:23:46,946 INFO [http-nio-8080-exec-3] c.z.h.HikariDataSource [HikariDataSource.java:123] defaultDataSource - Start completed.
2022-05-22 22:24:44,936 INFO [restartedMain] c.l.CommunityApplication [StartupInfoLogger.java:55] Starting CommunityApplication on LAPTOP-8HNF67T3 with PID 17060 (D:\idea\ideafile\community\target\classes started by laixi in D:\idea\ideafile\community)
2022-05-22 22:24:44,952 INFO [restartedMain] c.l.CommunityApplication [SpringApplication.java:651] No active profile set, falling back to default profiles: default
2022-05-22 22:24:44,974 INFO [restartedMain] o.s.b.d.e.DevToolsPropertyDefaultsPostProcessor [DeferredLog.java:225] Devtools property defaults active! Set 'spring.devtools.add-properties' to 'false' to disable
2022-05-22 22:24:44,974 INFO [restartedMain] o.s.b.d.e.DevToolsPropertyDefaultsPostProcessor [DeferredLog.java:225] For additional web related logging consider setting the 'logging.level.web' property to 'DEBUG'
2022-05-22 22:24:45,575 INFO [restartedMain] o.s.b.w.e.t.TomcatWebServer [TomcatWebServer.java:108] Tomcat initialized with port(s): 8080 (http)
2022-05-22 22:24:45,591 INFO [restartedMain] o.a.c.h.Http11NioProtocol [DirectJDKLog.java:173] Initializing ProtocolHandler ["http-nio-8080"]
2022-05-22 22:24:45,591 INFO [restartedMain] o.a.c.c.StandardService [DirectJDKLog.java:173] Starting service [Tomcat]
2022-05-22 22:24:45,591 INFO [restartedMain] o.a.c.c.StandardEngine [DirectJDKLog.java:173] Starting Servlet engine: [Apache Tomcat/9.0.41]
2022-05-22 22:24:45,591 INFO [restartedMain] o.a.c.c.AprLifecycleListener [DirectJDKLog.java:173] Loaded Apache Tomcat Native library [1.2.31] using APR version [1.7.0].
2022-05-22 22:24:45,591 INFO [restartedMain] o.a.c.c.AprLifecycleListener [DirectJDKLog.java:173] APR capabilities: IPv6 [true], sendfile [true], accept filters [false], random [true].
2022-05-22 22:24:45,591 INFO [restartedMain] o.a.c.c.AprLifecycleListener [DirectJDKLog.java:173] APR/OpenSSL configuration: useAprConnector [false], useOpenSSL [true]
2022-05-22 22:24:45,591 INFO [restartedMain] o.a.c.c.AprLifecycleListener [DirectJDKLog.java:173] OpenSSL successfully initialized [OpenSSL 1.1.1l  24 Aug 2021]
2022-05-22 22:24:45,675 INFO [restartedMain] o.a.c.c.C.[.[.[/community] [DirectJDKLog.java:173] Initializing Spring embedded WebApplicationContext
2022-05-22 22:24:45,675 INFO [restartedMain] o.s.b.w.s.c.ServletWebServerApplicationContext [ServletWebServerApplicationContext.java:285] Root WebApplicationContext: initialization completed in 701 ms
2022-05-22 22:24:45,907 INFO [restartedMain] o.s.s.c.ThreadPoolTaskExecutor [ExecutorConfigurationSupport.java:181] Initializing ExecutorService 'applicationTaskExecutor'
2022-05-22 22:24:45,939 INFO [restartedMain] o.s.b.a.w.s.WelcomePageHandlerMapping [WelcomePageHandlerMapping.java:58] Adding welcome page template: index
2022-05-22 22:24:46,054 INFO [restartedMain] o.s.b.d.a.OptionalLiveReloadServer [OptionalLiveReloadServer.java:58] LiveReload server is running on port 35729
2022-05-22 22:24:46,061 INFO [restartedMain] o.a.c.h.Http11NioProtocol [DirectJDKLog.java:173] Starting ProtocolHandler ["http-nio-8080"]
2022-05-22 22:24:46,077 INFO [restartedMain] o.s.b.w.e.t.TomcatWebServer [TomcatWebServer.java:220] Tomcat started on port(s): 8080 (http) with context path '/community'
2022-05-22 22:24:46,077 INFO [restartedMain] c.l.CommunityApplication [StartupInfoLogger.java:61] Started CommunityApplication in 1.362 seconds (JVM running for 2.079)
2022-05-22 22:24:53,608 INFO [http-nio-8080-exec-1] o.a.c.c.C.[.[.[/community] [DirectJDKLog.java:173] Initializing Spring DispatcherServlet 'dispatcherServlet'
2022-05-22 22:24:53,608 INFO [http-nio-8080-exec-1] o.s.w.s.DispatcherServlet [FrameworkServlet.java:525] Initializing Servlet 'dispatcherServlet'
2022-05-22 22:24:53,611 INFO [http-nio-8080-exec-1] o.s.w.s.DispatcherServlet [FrameworkServlet.java:547] Completed initialization in 3 ms
2022-05-22 22:25:50,939 INFO [restartedMain] c.l.CommunityApplication [StartupInfoLogger.java:55] Starting CommunityApplication on LAPTOP-8HNF67T3 with PID 15768 (D:\idea\ideafile\community\target\classes started by laixi in D:\idea\ideafile\community)
2022-05-22 22:25:50,941 INFO [restartedMain] c.l.CommunityApplication [SpringApplication.java:651] No active profile set, falling back to default profiles: default
2022-05-22 22:25:50,973 INFO [restartedMain] o.s.b.d.e.DevToolsPropertyDefaultsPostProcessor [DeferredLog.java:225] Devtools property defaults active! Set 'spring.devtools.add-properties' to 'false' to disable
2022-05-22 22:25:50,973 INFO [restartedMain] o.s.b.d.e.DevToolsPropertyDefaultsPostProcessor [DeferredLog.java:225] For additional web related logging consider setting the 'logging.level.web' property to 'DEBUG'
2022-05-22 22:25:51,632 INFO [restartedMain] o.s.b.w.e.t.TomcatWebServer [TomcatWebServer.java:108] Tomcat initialized with port(s): 8080 (http)
2022-05-22 22:25:51,637 INFO [restartedMain] o.a.c.h.Http11NioProtocol [DirectJDKLog.java:173] Initializing ProtocolHandler ["http-nio-8080"]
2022-05-22 22:25:51,638 INFO [restartedMain] o.a.c.c.StandardService [DirectJDKLog.java:173] Starting service [Tomcat]
2022-05-22 22:25:51,638 INFO [restartedMain] o.a.c.c.StandardEngine [DirectJDKLog.java:173] Starting Servlet engine: [Apache Tomcat/9.0.41]
2022-05-22 22:25:51,639 INFO [restartedMain] o.a.c.c.AprLifecycleListener [DirectJDKLog.java:173] Loaded Apache Tomcat Native library [1.2.31] using APR version [1.7.0].
2022-05-22 22:25:51,639 INFO [restartedMain] o.a.c.c.AprLifecycleListener [DirectJDKLog.java:173] APR capabilities: IPv6 [true], sendfile [true], accept filters [false], random [true].
2022-05-22 22:25:51,639 INFO [restartedMain] o.a.c.c.AprLifecycleListener [DirectJDKLog.java:173] APR/OpenSSL configuration: useAprConnector [false], useOpenSSL [true]
2022-05-22 22:25:51,641 INFO [restartedMain] o.a.c.c.AprLifecycleListener [DirectJDKLog.java:173] OpenSSL successfully initialized [OpenSSL 1.1.1l  24 Aug 2021]
2022-05-22 22:25:51,727 INFO [restartedMain] o.a.c.c.C.[.[.[/community] [DirectJDKLog.java:173] Initializing Spring embedded WebApplicationContext
2022-05-22 22:25:51,728 INFO [restartedMain] o.s.b.w.s.c.ServletWebServerApplicationContext [ServletWebServerApplicationContext.java:285] Root WebApplicationContext: initialization completed in 754 ms
2022-05-22 22:25:51,995 INFO [restartedMain] o.s.s.c.ThreadPoolTaskExecutor [ExecutorConfigurationSupport.java:181] Initializing ExecutorService 'applicationTaskExecutor'
2022-05-22 22:25:52,030 INFO [restartedMain] o.s.b.a.w.s.WelcomePageHandlerMapping [WelcomePageHandlerMapping.java:58] Adding welcome page template: index
2022-05-22 22:25:52,149 INFO [restartedMain] o.s.b.d.a.OptionalLiveReloadServer [OptionalLiveReloadServer.java:58] LiveReload server is running on port 35729
2022-05-22 22:25:52,158 INFO [restartedMain] o.a.c.h.Http11NioProtocol [DirectJDKLog.java:173] Starting ProtocolHandler ["http-nio-8080"]
2022-05-22 22:25:52,170 INFO [restartedMain] o.s.b.w.e.t.TomcatWebServer [TomcatWebServer.java:220] Tomcat started on port(s): 8080 (http) with context path '/community'
2022-05-22 22:25:52,176 INFO [restartedMain] c.l.CommunityApplication [StartupInfoLogger.java:61] Started CommunityApplication in 1.504 seconds (JVM running for 2.348)
2022-05-22 22:26:03,655 INFO [http-nio-8080-exec-1] o.a.c.c.C.[.[.[/community] [DirectJDKLog.java:173] Initializing Spring DispatcherServlet 'dispatcherServlet'
2022-05-22 22:26:03,656 INFO [http-nio-8080-exec-1] o.s.w.s.DispatcherServlet [FrameworkServlet.java:525] Initializing Servlet 'dispatcherServlet'
2022-05-22 22:26:03,659 INFO [http-nio-8080-exec-1] o.s.w.s.DispatcherServlet [FrameworkServlet.java:547] Completed initialization in 3 ms
2022-05-22 22:27:44,903 INFO [restartedMain] c.l.CommunityApplication [StartupInfoLogger.java:55] Starting CommunityApplication on LAPTOP-8HNF67T3 with PID 20808 (D:\idea\ideafile\community\target\classes started by laixi in D:\idea\ideafile\community)
2022-05-22 22:27:44,905 INFO [restartedMain] c.l.CommunityApplication [SpringApplication.java:651] No active profile set, falling back to default profiles: default
2022-05-22 22:27:44,935 INFO [restartedMain] o.s.b.d.e.DevToolsPropertyDefaultsPostProcessor [DeferredLog.java:225] Devtools property defaults active! Set 'spring.devtools.add-properties' to 'false' to disable
2022-05-22 22:27:44,935 INFO [restartedMain] o.s.b.d.e.DevToolsPropertyDefaultsPostProcessor [DeferredLog.java:225] For additional web related logging consider setting the 'logging.level.web' property to 'DEBUG'
2022-05-22 22:27:45,586 INFO [restartedMain] o.s.b.w.e.t.TomcatWebServer [TomcatWebServer.java:108] Tomcat initialized with port(s): 8080 (http)
2022-05-22 22:27:45,596 INFO [restartedMain] o.a.c.h.Http11NioProtocol [DirectJDKLog.java:173] Initializing ProtocolHandler ["http-nio-8080"]
2022-05-22 22:27:45,596 INFO [restartedMain] o.a.c.c.StandardService [DirectJDKLog.java:173] Starting service [Tomcat]
2022-05-22 22:27:45,596 INFO [restartedMain] o.a.c.c.StandardEngine [DirectJDKLog.java:173] Starting Servlet engine: [Apache Tomcat/9.0.41]
2022-05-22 22:27:45,596 INFO [restartedMain] o.a.c.c.AprLifecycleListener [DirectJDKLog.java:173] Loaded Apache Tomcat Native library [1.2.31] using APR version [1.7.0].
2022-05-22 22:27:45,596 INFO [restartedMain] o.a.c.c.AprLifecycleListener [DirectJDKLog.java:173] APR capabilities: IPv6 [true], sendfile [true], accept filters [false], random [true].
2022-05-22 22:27:45,596 INFO [restartedMain] o.a.c.c.AprLifecycleListener [DirectJDKLog.java:173] APR/OpenSSL configuration: useAprConnector [false], useOpenSSL [true]
2022-05-22 22:27:45,596 INFO [restartedMain] o.a.c.c.AprLifecycleListener [DirectJDKLog.java:173] OpenSSL successfully initialized [OpenSSL 1.1.1l  24 Aug 2021]
2022-05-22 22:27:45,686 INFO [restartedMain] o.a.c.c.C.[.[.[/community] [DirectJDKLog.java:173] Initializing Spring embedded WebApplicationContext
2022-05-22 22:27:45,686 INFO [restartedMain] o.s.b.w.s.c.ServletWebServerApplicationContext [ServletWebServerApplicationContext.java:285] Root WebApplicationContext: initialization completed in 750 ms
2022-05-22 22:27:45,936 INFO [restartedMain] o.s.s.c.ThreadPoolTaskExecutor [ExecutorConfigurationSupport.java:181] Initializing ExecutorService 'applicationTaskExecutor'
2022-05-22 22:27:45,976 INFO [restartedMain] o.s.b.a.w.s.WelcomePageHandlerMapping [WelcomePageHandlerMapping.java:58] Adding welcome page template: index
2022-05-22 22:27:46,090 INFO [restartedMain] o.s.b.d.a.OptionalLiveReloadServer [OptionalLiveReloadServer.java:58] LiveReload server is running on port 35729
2022-05-22 22:27:46,100 INFO [restartedMain] o.a.c.h.Http11NioProtocol [DirectJDKLog.java:173] Starting ProtocolHandler ["http-nio-8080"]
2022-05-22 22:27:46,112 INFO [restartedMain] o.s.b.w.e.t.TomcatWebServer [TomcatWebServer.java:220] Tomcat started on port(s): 8080 (http) with context path '/community'
2022-05-22 22:27:46,119 INFO [restartedMain] c.l.CommunityApplication [StartupInfoLogger.java:61] Started CommunityApplication in 1.475 seconds (JVM running for 2.222)
2022-05-22 22:27:52,411 INFO [http-nio-8080-exec-1] o.a.c.c.C.[.[.[/community] [DirectJDKLog.java:173] Initializing Spring DispatcherServlet 'dispatcherServlet'
2022-05-22 22:27:52,411 INFO [http-nio-8080-exec-1] o.s.w.s.DispatcherServlet [FrameworkServlet.java:525] Initializing Servlet 'dispatcherServlet'
2022-05-22 22:27:52,415 INFO [http-nio-8080-exec-1] o.s.w.s.DispatcherServlet [FrameworkServlet.java:547] Completed initialization in 3 ms
2022-05-22 22:29:54,430 INFO [restartedMain] c.l.CommunityApplication [StartupInfoLogger.java:55] Starting CommunityApplication on LAPTOP-8HNF67T3 with PID 17380 (D:\idea\ideafile\community\target\classes started by laixi in D:\idea\ideafile\community)
2022-05-22 22:29:54,445 INFO [restartedMain] c.l.CommunityApplication [SpringApplication.java:651] No active profile set, falling back to default profiles: default
2022-05-22 22:29:54,477 INFO [restartedMain] o.s.b.d.e.DevToolsPropertyDefaultsPostProcessor [DeferredLog.java:225] Devtools property defaults active! Set 'spring.devtools.add-properties' to 'false' to disable
2022-05-22 22:29:54,477 INFO [restartedMain] o.s.b.d.e.DevToolsPropertyDefaultsPostProcessor [DeferredLog.java:225] For additional web related logging consider setting the 'logging.level.web' property to 'DEBUG'
2022-05-22 22:29:55,081 INFO [restartedMain] o.s.b.w.e.t.TomcatWebServer [TomcatWebServer.java:108] Tomcat initialized with port(s): 8080 (http)
2022-05-22 22:29:55,081 INFO [restartedMain] o.a.c.h.Http11NioProtocol [DirectJDKLog.java:173] Initializing ProtocolHandler ["http-nio-8080"]
2022-05-22 22:29:55,081 INFO [restartedMain] o.a.c.c.StandardService [DirectJDKLog.java:173] Starting service [Tomcat]
2022-05-22 22:29:55,081 INFO [restartedMain] o.a.c.c.StandardEngine [DirectJDKLog.java:173] Starting Servlet engine: [Apache Tomcat/9.0.41]
2022-05-22 22:29:55,081 INFO [restartedMain] o.a.c.c.AprLifecycleListener [DirectJDKLog.java:173] Loaded Apache Tomcat Native library [1.2.31] using APR version [1.7.0].
2022-05-22 22:29:55,081 INFO [restartedMain] o.a.c.c.AprLifecycleListener [DirectJDKLog.java:173] APR capabilities: IPv6 [true], sendfile [true], accept filters [false], random [true].
2022-05-22 22:29:55,081 INFO [restartedMain] o.a.c.c.AprLifecycleListener [DirectJDKLog.java:173] APR/OpenSSL configuration: useAprConnector [false], useOpenSSL [true]
2022-05-22 22:29:55,081 INFO [restartedMain] o.a.c.c.AprLifecycleListener [DirectJDKLog.java:173] OpenSSL successfully initialized [OpenSSL 1.1.1l  24 Aug 2021]
2022-05-22 22:29:55,166 INFO [restartedMain] o.a.c.c.C.[.[.[/community] [DirectJDKLog.java:173] Initializing Spring embedded WebApplicationContext
2022-05-22 22:29:55,166 INFO [restartedMain] o.s.b.w.s.c.ServletWebServerApplicationContext [ServletWebServerApplicationContext.java:285] Root WebApplicationContext: initialization completed in 689 ms
2022-05-22 22:29:55,429 INFO [restartedMain] o.s.s.c.ThreadPoolTaskExecutor [ExecutorConfigurationSupport.java:181] Initializing ExecutorService 'applicationTaskExecutor'
2022-05-22 22:29:55,466 INFO [restartedMain] o.s.b.a.w.s.WelcomePageHandlerMapping [WelcomePageHandlerMapping.java:58] Adding welcome page template: index
2022-05-22 22:29:55,551 INFO [restartedMain] o.s.b.d.a.OptionalLiveReloadServer [OptionalLiveReloadServer.java:58] LiveReload server is running on port 35729
2022-05-22 22:29:55,567 INFO [restartedMain] o.a.c.h.Http11NioProtocol [DirectJDKLog.java:173] Starting ProtocolHandler ["http-nio-8080"]
2022-05-22 22:29:55,582 INFO [restartedMain] o.s.b.w.e.t.TomcatWebServer [TomcatWebServer.java:220] Tomcat started on port(s): 8080 (http) with context path '/community'
2022-05-22 22:29:55,582 INFO [restartedMain] c.l.CommunityApplication [StartupInfoLogger.java:61] Started CommunityApplication in 1.408 seconds (JVM running for 2.063)
2022-05-22 22:30:15,601 INFO [http-nio-8080-exec-1] o.a.c.c.C.[.[.[/community] [DirectJDKLog.java:173] Initializing Spring DispatcherServlet 'dispatcherServlet'
2022-05-22 22:30:15,601 INFO [http-nio-8080-exec-1] o.s.w.s.DispatcherServlet [FrameworkServlet.java:525] Initializing Servlet 'dispatcherServlet'
2022-05-22 22:30:15,605 INFO [http-nio-8080-exec-1] o.s.w.s.DispatcherServlet [FrameworkServlet.java:547] Completed initialization in 3 ms
2022-05-22 22:31:19,775 INFO [restartedMain] c.l.CommunityApplication [StartupInfoLogger.java:55] Starting CommunityApplication on LAPTOP-8HNF67T3 with PID 21464 (D:\idea\ideafile\community\target\classes started by laixi in D:\idea\ideafile\community)
2022-05-22 22:31:19,775 INFO [restartedMain] c.l.CommunityApplication [SpringApplication.java:651] No active profile set, falling back to default profiles: default
2022-05-22 22:31:19,806 INFO [restartedMain] o.s.b.d.e.DevToolsPropertyDefaultsPostProcessor [DeferredLog.java:225] Devtools property defaults active! Set 'spring.devtools.add-properties' to 'false' to disable
2022-05-22 22:31:19,806 INFO [restartedMain] o.s.b.d.e.DevToolsPropertyDefaultsPostProcessor [DeferredLog.java:225] For additional web related logging consider setting the 'logging.level.web' property to 'DEBUG'
2022-05-22 22:31:20,420 INFO [restartedMain] o.s.b.w.e.t.TomcatWebServer [TomcatWebServer.java:108] Tomcat initialized with port(s): 8080 (http)
2022-05-22 22:31:20,425 INFO [restartedMain] o.a.c.h.Http11NioProtocol [DirectJDKLog.java:173] Initializing ProtocolHandler ["http-nio-8080"]
2022-05-22 22:31:20,425 INFO [restartedMain] o.a.c.c.StandardService [DirectJDKLog.java:173] Starting service [Tomcat]
2022-05-22 22:31:20,425 INFO [restartedMain] o.a.c.c.StandardEngine [DirectJDKLog.java:173] Starting Servlet engine: [Apache Tomcat/9.0.41]
2022-05-22 22:31:20,426 INFO [restartedMain] o.a.c.c.AprLifecycleListener [DirectJDKLog.java:173] Loaded Apache Tomcat Native library [1.2.31] using APR version [1.7.0].
2022-05-22 22:31:20,426 INFO [restartedMain] o.a.c.c.AprLifecycleListener [DirectJDKLog.java:173] APR capabilities: IPv6 [true], sendfile [true], accept filters [false], random [true].
2022-05-22 22:31:20,427 INFO [restartedMain] o.a.c.c.AprLifecycleListener [DirectJDKLog.java:173] APR/OpenSSL configuration: useAprConnector [false], useOpenSSL [true]
2022-05-22 22:31:20,429 INFO [restartedMain] o.a.c.c.AprLifecycleListener [DirectJDKLog.java:173] OpenSSL successfully initialized [OpenSSL 1.1.1l  24 Aug 2021]
2022-05-22 22:31:20,509 INFO [restartedMain] o.a.c.c.C.[.[.[/community] [DirectJDKLog.java:173] Initializing Spring embedded WebApplicationContext
2022-05-22 22:31:20,509 INFO [restartedMain] o.s.b.w.s.c.ServletWebServerApplicationContext [ServletWebServerApplicationContext.java:285] Root WebApplicationContext: initialization completed in 703 ms
2022-05-22 22:31:20,752 INFO [restartedMain] o.s.s.c.ThreadPoolTaskExecutor [ExecutorConfigurationSupport.java:181] Initializing ExecutorService 'applicationTaskExecutor'
2022-05-22 22:31:20,785 INFO [restartedMain] o.s.b.a.w.s.WelcomePageHandlerMapping [WelcomePageHandlerMapping.java:58] Adding welcome page template: index
2022-05-22 22:31:20,880 INFO [restartedMain] o.s.b.d.a.OptionalLiveReloadServer [OptionalLiveReloadServer.java:58] LiveReload server is running on port 35729
2022-05-22 22:31:20,889 INFO [restartedMain] o.a.c.h.Http11NioProtocol [DirectJDKLog.java:173] Starting ProtocolHandler ["http-nio-8080"]
2022-05-22 22:31:20,901 INFO [restartedMain] o.s.b.w.e.t.TomcatWebServer [TomcatWebServer.java:220] Tomcat started on port(s): 8080 (http) with context path '/community'
2022-05-22 22:31:20,907 INFO [restartedMain] c.l.CommunityApplication [StartupInfoLogger.java:61] Started CommunityApplication in 1.354 seconds (JVM running for 1.977)
2022-05-22 22:31:31,352 INFO [http-nio-8080-exec-1] o.a.c.c.C.[.[.[/community] [DirectJDKLog.java:173] Initializing Spring DispatcherServlet 'dispatcherServlet'
2022-05-22 22:31:31,352 INFO [http-nio-8080-exec-1] o.s.w.s.DispatcherServlet [FrameworkServlet.java:525] Initializing Servlet 'dispatcherServlet'
2022-05-22 22:31:31,355 INFO [http-nio-8080-exec-1] o.s.w.s.DispatcherServlet [FrameworkServlet.java:547] Completed initialization in 2 ms
2022-05-22 22:31:57,890 INFO [http-nio-8080-exec-3] c.z.h.HikariDataSource [HikariDataSource.java:110] defaultDataSource - Starting...
2022-05-22 22:31:58,249 INFO [http-nio-8080-exec-3] c.z.h.HikariDataSource [HikariDataSource.java:123] defaultDataSource - Start completed.
2022-05-22 22:40:21,652 INFO [restartedMain] c.l.CommunityApplication [StartupInfoLogger.java:55] Starting CommunityApplication on LAPTOP-8HNF67T3 with PID 21204 (D:\idea\ideafile\community\target\classes started by laixi in D:\idea\ideafile\community)
2022-05-22 22:40:21,654 INFO [restartedMain] c.l.CommunityApplication [SpringApplication.java:651] No active profile set, falling back to default profiles: default
2022-05-22 22:40:21,684 INFO [restartedMain] o.s.b.d.e.DevToolsPropertyDefaultsPostProcessor [DeferredLog.java:225] Devtools property defaults active! Set 'spring.devtools.add-properties' to 'false' to disable
2022-05-22 22:40:21,685 INFO [restartedMain] o.s.b.d.e.DevToolsPropertyDefaultsPostProcessor [DeferredLog.java:225] For additional web related logging consider setting the 'logging.level.web' property to 'DEBUG'
2022-05-22 22:40:22,360 INFO [restartedMain] o.s.b.w.e.t.TomcatWebServer [TomcatWebServer.java:108] Tomcat initialized with port(s): 8080 (http)
2022-05-22 22:40:22,370 INFO [restartedMain] o.a.c.h.Http11NioProtocol [DirectJDKLog.java:173] Initializing ProtocolHandler ["http-nio-8080"]
2022-05-22 22:40:22,370 INFO [restartedMain] o.a.c.c.StandardService [DirectJDKLog.java:173] Starting service [Tomcat]
2022-05-22 22:40:22,370 INFO [restartedMain] o.a.c.c.StandardEngine [DirectJDKLog.java:173] Starting Servlet engine: [Apache Tomcat/9.0.41]
2022-05-22 22:40:22,370 INFO [restartedMain] o.a.c.c.AprLifecycleListener [DirectJDKLog.java:173] Loaded Apache Tomcat Native library [1.2.31] using APR version [1.7.0].
2022-05-22 22:40:22,370 INFO [restartedMain] o.a.c.c.AprLifecycleListener [DirectJDKLog.java:173] APR capabilities: IPv6 [true], sendfile [true], accept filters [false], random [true].
2022-05-22 22:40:22,370 INFO [restartedMain] o.a.c.c.AprLifecycleListener [DirectJDKLog.java:173] APR/OpenSSL configuration: useAprConnector [false], useOpenSSL [true]
2022-05-22 22:40:22,370 INFO [restartedMain] o.a.c.c.AprLifecycleListener [DirectJDKLog.java:173] OpenSSL successfully initialized [OpenSSL 1.1.1l  24 Aug 2021]
2022-05-22 22:40:22,459 INFO [restartedMain] o.a.c.c.C.[.[.[/community] [DirectJDKLog.java:173] Initializing Spring embedded WebApplicationContext
2022-05-22 22:40:22,459 INFO [restartedMain] o.s.b.w.s.c.ServletWebServerApplicationContext [ServletWebServerApplicationContext.java:285] Root WebApplicationContext: initialization completed in 774 ms
2022-05-22 22:40:22,750 INFO [restartedMain] o.s.s.c.ThreadPoolTaskExecutor [ExecutorConfigurationSupport.java:181] Initializing ExecutorService 'applicationTaskExecutor'
2022-05-22 22:40:22,789 INFO [restartedMain] o.s.b.a.w.s.WelcomePageHandlerMapping [WelcomePageHandlerMapping.java:58] Adding welcome page template: index
2022-05-22 22:40:22,919 INFO [restartedMain] o.s.b.d.a.OptionalLiveReloadServer [OptionalLiveReloadServer.java:58] LiveReload server is running on port 35729
2022-05-22 22:40:22,939 INFO [restartedMain] o.a.c.h.Http11NioProtocol [DirectJDKLog.java:173] Starting ProtocolHandler ["http-nio-8080"]
2022-05-22 22:40:22,950 INFO [restartedMain] o.s.b.w.e.t.TomcatWebServer [TomcatWebServer.java:220] Tomcat started on port(s): 8080 (http) with context path '/community'
2022-05-22 22:40:22,960 INFO [restartedMain] c.l.CommunityApplication [StartupInfoLogger.java:61] Started CommunityApplication in 1.568 seconds (JVM running for 2.264)
2022-05-22 22:41:28,187 INFO [restartedMain] c.l.CommunityApplication [StartupInfoLogger.java:55] Starting CommunityApplication on LAPTOP-8HNF67T3 with PID 1100 (D:\idea\ideafile\community\target\classes started by laixi in D:\idea\ideafile\community)
2022-05-22 22:41:28,197 INFO [restartedMain] c.l.CommunityApplication [SpringApplication.java:651] No active profile set, falling back to default profiles: default
2022-05-22 22:41:28,217 INFO [restartedMain] o.s.b.d.e.DevToolsPropertyDefaultsPostProcessor [DeferredLog.java:225] Devtools property defaults active! Set 'spring.devtools.add-properties' to 'false' to disable
2022-05-22 22:41:28,217 INFO [restartedMain] o.s.b.d.e.DevToolsPropertyDefaultsPostProcessor [DeferredLog.java:225] For additional web related logging consider setting the 'logging.level.web' property to 'DEBUG'
2022-05-22 22:41:28,837 INFO [restartedMain] o.s.b.w.e.t.TomcatWebServer [TomcatWebServer.java:108] Tomcat initialized with port(s): 8080 (http)
2022-05-22 22:41:28,847 INFO [restartedMain] o.a.c.h.Http11NioProtocol [DirectJDKLog.java:173] Initializing ProtocolHandler ["http-nio-8080"]
2022-05-22 22:41:28,847 INFO [restartedMain] o.a.c.c.StandardService [DirectJDKLog.java:173] Starting service [Tomcat]
2022-05-22 22:41:28,847 INFO [restartedMain] o.a.c.c.StandardEngine [DirectJDKLog.java:173] Starting Servlet engine: [Apache Tomcat/9.0.41]
2022-05-22 22:41:28,847 INFO [restartedMain] o.a.c.c.AprLifecycleListener [DirectJDKLog.java:173] Loaded Apache Tomcat Native library [1.2.31] using APR version [1.7.0].
2022-05-22 22:41:28,847 INFO [restartedMain] o.a.c.c.AprLifecycleListener [DirectJDKLog.java:173] APR capabilities: IPv6 [true], sendfile [true], accept filters [false], random [true].
2022-05-22 22:41:28,847 INFO [restartedMain] o.a.c.c.AprLifecycleListener [DirectJDKLog.java:173] APR/OpenSSL configuration: useAprConnector [false], useOpenSSL [true]
2022-05-22 22:41:28,852 INFO [restartedMain] o.a.c.c.AprLifecycleListener [DirectJDKLog.java:173] OpenSSL successfully initialized [OpenSSL 1.1.1l  24 Aug 2021]
2022-05-22 22:41:28,932 INFO [restartedMain] o.a.c.c.C.[.[.[/community] [DirectJDKLog.java:173] Initializing Spring embedded WebApplicationContext
2022-05-22 22:41:28,932 INFO [restartedMain] o.s.b.w.s.c.ServletWebServerApplicationContext [ServletWebServerApplicationContext.java:285] Root WebApplicationContext: initialization completed in 715 ms
2022-05-22 22:41:29,187 INFO [restartedMain] o.s.s.c.ThreadPoolTaskExecutor [ExecutorConfigurationSupport.java:181] Initializing ExecutorService 'applicationTaskExecutor'
2022-05-22 22:41:29,217 INFO [restartedMain] o.s.b.a.w.s.WelcomePageHandlerMapping [WelcomePageHandlerMapping.java:58] Adding welcome page template: index
2022-05-22 22:41:29,327 INFO [restartedMain] o.s.b.d.a.OptionalLiveReloadServer [OptionalLiveReloadServer.java:58] LiveReload server is running on port 35729
2022-05-22 22:41:29,338 INFO [restartedMain] o.a.c.h.Http11NioProtocol [DirectJDKLog.java:173] Starting ProtocolHandler ["http-nio-8080"]
2022-05-22 22:41:29,347 INFO [restartedMain] o.s.b.w.e.t.TomcatWebServer [TomcatWebServer.java:220] Tomcat started on port(s): 8080 (http) with context path '/community'
2022-05-22 22:41:29,358 INFO [restartedMain] c.l.CommunityApplication [StartupInfoLogger.java:61] Started CommunityApplication in 1.417 seconds (JVM running for 2.113)
2022-05-22 22:41:34,307 INFO [http-nio-8080-exec-1] o.a.c.c.C.[.[.[/community] [DirectJDKLog.java:173] Initializing Spring DispatcherServlet 'dispatcherServlet'
2022-05-22 22:41:34,307 INFO [http-nio-8080-exec-1] o.s.w.s.DispatcherServlet [FrameworkServlet.java:525] Initializing Servlet 'dispatcherServlet'
2022-05-22 22:41:34,310 INFO [http-nio-8080-exec-1] o.s.w.s.DispatcherServlet [FrameworkServlet.java:547] Completed initialization in 3 ms
2022-05-22 22:41:52,822 INFO [http-nio-8080-exec-6] c.z.h.HikariDataSource [HikariDataSource.java:110] defaultDataSource - Starting...
2022-05-22 22:41:53,186 INFO [http-nio-8080-exec-6] c.z.h.HikariDataSource [HikariDataSource.java:123] defaultDataSource - Start completed.
