2022-05-20 12:12:40,617 INFO [restartedMain] c.l.CommunityApplication [StartupInfoLogger.java:55] Starting CommunityApplication on LAPTOP-8HNF67T3 with PID 29416 (D:\idea\ideafile\community\target\classes started by laixi in D:\idea\ideafile\community)
2022-05-20 12:12:40,621 INFO [restartedMain] c.l.CommunityApplication [SpringApplication.java:651] No active profile set, falling back to default profiles: default
2022-05-20 12:12:40,655 INFO [restartedMain] o.s.b.d.e.DevToolsPropertyDefaultsPostProcessor [DeferredLog.java:225] Devtools property defaults active! Set 'spring.devtools.add-properties' to 'false' to disable
2022-05-20 12:12:40,655 INFO [restartedMain] o.s.b.d.e.DevToolsPropertyDefaultsPostProcessor [DeferredLog.java:225] For additional web related logging consider setting the 'logging.level.web' property to 'DEBUG'
2022-05-20 12:12:41,484 INFO [restartedMain] o.s.b.w.e.t.TomcatWebServer [TomcatWebServer.java:108] Tomcat initialized with port(s): 8080 (http)
2022-05-20 12:12:41,491 INFO [restartedMain] o.a.c.h.Http11NioProtocol [DirectJDKLog.java:173] Initializing ProtocolHandler ["http-nio-8080"]
2022-05-20 12:12:41,492 INFO [restartedMain] o.a.c.c.StandardService [DirectJDKLog.java:173] Starting service [Tomcat]
2022-05-20 12:12:41,492 INFO [restartedMain] o.a.c.c.StandardEngine [DirectJDKLog.java:173] Starting Servlet engine: [Apache Tomcat/9.0.41]
2022-05-20 12:12:41,495 INFO [restartedMain] o.a.c.c.AprLifecycleListener [DirectJDKLog.java:173] Loaded Apache Tomcat Native library [1.2.31] using APR version [1.7.0].
2022-05-20 12:12:41,495 INFO [restartedMain] o.a.c.c.AprLifecycleListener [DirectJDKLog.java:173] APR capabilities: IPv6 [true], sendfile [true], accept filters [false], random [true].
2022-05-20 12:12:41,495 INFO [restartedMain] o.a.c.c.AprLifecycleListener [DirectJDKLog.java:173] APR/OpenSSL configuration: useAprConnector [false], useOpenSSL [true]
2022-05-20 12:12:41,506 INFO [restartedMain] o.a.c.c.AprLifecycleListener [DirectJDKLog.java:173] OpenSSL successfully initialized [OpenSSL 1.1.1l  24 Aug 2021]
2022-05-20 12:12:41,596 INFO [restartedMain] o.a.c.c.C.[.[.[/community] [DirectJDKLog.java:173] Initializing Spring embedded WebApplicationContext
2022-05-20 12:12:41,596 INFO [restartedMain] o.s.b.w.s.c.ServletWebServerApplicationContext [ServletWebServerApplicationContext.java:285] Root WebApplicationContext: initialization completed in 940 ms
2022-05-20 12:12:41,898 INFO [restartedMain] o.s.s.c.ThreadPoolTaskExecutor [ExecutorConfigurationSupport.java:181] Initializing ExecutorService 'applicationTaskExecutor'
2022-05-20 12:12:41,954 INFO [restartedMain] o.s.b.a.w.s.WelcomePageHandlerMapping [WelcomePageHandlerMapping.java:58] Adding welcome page template: index
2022-05-20 12:12:42,100 INFO [restartedMain] o.s.b.d.a.OptionalLiveReloadServer [OptionalLiveReloadServer.java:58] LiveReload server is running on port 35729
2022-05-20 12:12:42,110 INFO [restartedMain] o.a.c.h.Http11NioProtocol [DirectJDKLog.java:173] Starting ProtocolHandler ["http-nio-8080"]
2022-05-20 12:12:42,129 INFO [restartedMain] o.s.b.w.e.t.TomcatWebServer [TomcatWebServer.java:220] Tomcat started on port(s): 8080 (http) with context path '/community'
2022-05-20 12:12:42,143 INFO [restartedMain] c.l.CommunityApplication [StartupInfoLogger.java:61] Started CommunityApplication in 1.819 seconds (JVM running for 2.609)
2022-05-20 12:14:03,727 INFO [http-nio-8080-exec-1] o.a.c.c.C.[.[.[/community] [DirectJDKLog.java:173] Initializing Spring DispatcherServlet 'dispatcherServlet'
2022-05-20 12:14:03,727 INFO [http-nio-8080-exec-1] o.s.w.s.DispatcherServlet [FrameworkServlet.java:525] Initializing Servlet 'dispatcherServlet'
2022-05-20 12:14:03,730 INFO [http-nio-8080-exec-1] o.s.w.s.DispatcherServlet [FrameworkServlet.java:547] Completed initialization in 3 ms
2022-05-20 12:14:03,767 INFO [http-nio-8080-exec-1] c.z.h.HikariDataSource [HikariDataSource.java:110] defaultDataSource - Starting...
2022-05-20 12:14:44,618 INFO [http-nio-8080-exec-3] c.z.h.HikariDataSource [HikariDataSource.java:110] defaultDataSource - Starting...
2022-05-20 12:14:44,695 INFO [http-nio-8080-exec-3] c.z.h.HikariDataSource [HikariDataSource.java:123] defaultDataSource - Start completed.
2022-05-20 12:18:20,535 INFO [restartedMain] c.l.CommunityApplication [StartupInfoLogger.java:55] Starting CommunityApplication on LAPTOP-8HNF67T3 with PID 16680 (D:\idea\ideafile\community\target\classes started by laixi in D:\idea\ideafile\community)
2022-05-20 12:18:20,537 INFO [restartedMain] c.l.CommunityApplication [SpringApplication.java:651] No active profile set, falling back to default profiles: default
2022-05-20 12:18:20,567 INFO [restartedMain] o.s.b.d.e.DevToolsPropertyDefaultsPostProcessor [DeferredLog.java:225] Devtools property defaults active! Set 'spring.devtools.add-properties' to 'false' to disable
2022-05-20 12:18:20,567 INFO [restartedMain] o.s.b.d.e.DevToolsPropertyDefaultsPostProcessor [DeferredLog.java:225] For additional web related logging consider setting the 'logging.level.web' property to 'DEBUG'
2022-05-20 12:18:21,147 INFO [restartedMain] o.s.b.w.e.t.TomcatWebServer [TomcatWebServer.java:108] Tomcat initialized with port(s): 8080 (http)
2022-05-20 12:18:21,152 INFO [restartedMain] o.a.c.h.Http11NioProtocol [DirectJDKLog.java:173] Initializing ProtocolHandler ["http-nio-8080"]
2022-05-20 12:18:21,153 INFO [restartedMain] o.a.c.c.StandardService [DirectJDKLog.java:173] Starting service [Tomcat]
2022-05-20 12:18:21,153 INFO [restartedMain] o.a.c.c.StandardEngine [DirectJDKLog.java:173] Starting Servlet engine: [Apache Tomcat/9.0.41]
2022-05-20 12:18:21,154 INFO [restartedMain] o.a.c.c.AprLifecycleListener [DirectJDKLog.java:173] Loaded Apache Tomcat Native library [1.2.31] using APR version [1.7.0].
2022-05-20 12:18:21,154 INFO [restartedMain] o.a.c.c.AprLifecycleListener [DirectJDKLog.java:173] APR capabilities: IPv6 [true], sendfile [true], accept filters [false], random [true].
2022-05-20 12:18:21,154 INFO [restartedMain] o.a.c.c.AprLifecycleListener [DirectJDKLog.java:173] APR/OpenSSL configuration: useAprConnector [false], useOpenSSL [true]
2022-05-20 12:18:21,156 INFO [restartedMain] o.a.c.c.AprLifecycleListener [DirectJDKLog.java:173] OpenSSL successfully initialized [OpenSSL 1.1.1l  24 Aug 2021]
2022-05-20 12:18:21,237 INFO [restartedMain] o.a.c.c.C.[.[.[/community] [DirectJDKLog.java:173] Initializing Spring embedded WebApplicationContext
2022-05-20 12:18:21,237 INFO [restartedMain] o.s.b.w.s.c.ServletWebServerApplicationContext [ServletWebServerApplicationContext.java:285] Root WebApplicationContext: initialization completed in 669 ms
2022-05-20 12:18:21,461 INFO [restartedMain] o.s.s.c.ThreadPoolTaskExecutor [ExecutorConfigurationSupport.java:181] Initializing ExecutorService 'applicationTaskExecutor'
2022-05-20 12:18:21,495 INFO [restartedMain] o.s.b.a.w.s.WelcomePageHandlerMapping [WelcomePageHandlerMapping.java:58] Adding welcome page template: index
2022-05-20 12:18:21,605 INFO [restartedMain] o.s.b.d.a.OptionalLiveReloadServer [OptionalLiveReloadServer.java:58] LiveReload server is running on port 35729
2022-05-20 12:18:21,614 INFO [restartedMain] o.a.c.h.Http11NioProtocol [DirectJDKLog.java:173] Starting ProtocolHandler ["http-nio-8080"]
2022-05-20 12:18:21,626 INFO [restartedMain] o.s.b.w.e.t.TomcatWebServer [TomcatWebServer.java:220] Tomcat started on port(s): 8080 (http) with context path '/community'
2022-05-20 12:18:21,632 INFO [restartedMain] c.l.CommunityApplication [StartupInfoLogger.java:61] Started CommunityApplication in 1.327 seconds (JVM running for 2.055)
2022-05-20 12:18:25,506 INFO [http-nio-8080-exec-1] o.a.c.c.C.[.[.[/community] [DirectJDKLog.java:173] Initializing Spring DispatcherServlet 'dispatcherServlet'
2022-05-20 12:18:25,506 INFO [http-nio-8080-exec-1] o.s.w.s.DispatcherServlet [FrameworkServlet.java:525] Initializing Servlet 'dispatcherServlet'
2022-05-20 12:18:25,509 INFO [http-nio-8080-exec-1] o.s.w.s.DispatcherServlet [FrameworkServlet.java:547] Completed initialization in 3 ms
2022-05-20 12:21:06,136 INFO [restartedMain] c.l.CommunityApplication [StartupInfoLogger.java:55] Starting CommunityApplication on LAPTOP-8HNF67T3 with PID 16128 (D:\idea\ideafile\community\target\classes started by laixi in D:\idea\ideafile\community)
2022-05-20 12:21:06,138 INFO [restartedMain] c.l.CommunityApplication [SpringApplication.java:651] No active profile set, falling back to default profiles: default
2022-05-20 12:21:06,166 INFO [restartedMain] o.s.b.d.e.DevToolsPropertyDefaultsPostProcessor [DeferredLog.java:225] Devtools property defaults active! Set 'spring.devtools.add-properties' to 'false' to disable
2022-05-20 12:21:06,167 INFO [restartedMain] o.s.b.d.e.DevToolsPropertyDefaultsPostProcessor [DeferredLog.java:225] For additional web related logging consider setting the 'logging.level.web' property to 'DEBUG'
2022-05-20 12:21:06,927 INFO [restartedMain] o.s.b.w.e.t.TomcatWebServer [TomcatWebServer.java:108] Tomcat initialized with port(s): 8080 (http)
2022-05-20 12:21:06,934 INFO [restartedMain] o.a.c.h.Http11NioProtocol [DirectJDKLog.java:173] Initializing ProtocolHandler ["http-nio-8080"]
2022-05-20 12:21:06,935 INFO [restartedMain] o.a.c.c.StandardService [DirectJDKLog.java:173] Starting service [Tomcat]
2022-05-20 12:21:06,936 INFO [restartedMain] o.a.c.c.StandardEngine [DirectJDKLog.java:173] Starting Servlet engine: [Apache Tomcat/9.0.41]
2022-05-20 12:21:06,937 INFO [restartedMain] o.a.c.c.AprLifecycleListener [DirectJDKLog.java:173] Loaded Apache Tomcat Native library [1.2.31] using APR version [1.7.0].
2022-05-20 12:21:06,938 INFO [restartedMain] o.a.c.c.AprLifecycleListener [DirectJDKLog.java:173] APR capabilities: IPv6 [true], sendfile [true], accept filters [false], random [true].
2022-05-20 12:21:06,938 INFO [restartedMain] o.a.c.c.AprLifecycleListener [DirectJDKLog.java:173] APR/OpenSSL configuration: useAprConnector [false], useOpenSSL [true]
2022-05-20 12:21:06,941 INFO [restartedMain] o.a.c.c.AprLifecycleListener [DirectJDKLog.java:173] OpenSSL successfully initialized [OpenSSL 1.1.1l  24 Aug 2021]
2022-05-20 12:21:07,042 INFO [restartedMain] o.a.c.c.C.[.[.[/community] [DirectJDKLog.java:173] Initializing Spring embedded WebApplicationContext
2022-05-20 12:21:07,042 INFO [restartedMain] o.s.b.w.s.c.ServletWebServerApplicationContext [ServletWebServerApplicationContext.java:285] Root WebApplicationContext: initialization completed in 875 ms
2022-05-20 12:21:07,294 INFO [restartedMain] o.s.s.c.ThreadPoolTaskExecutor [ExecutorConfigurationSupport.java:181] Initializing ExecutorService 'applicationTaskExecutor'
2022-05-20 12:21:07,333 INFO [restartedMain] o.s.b.a.w.s.WelcomePageHandlerMapping [WelcomePageHandlerMapping.java:58] Adding welcome page template: index
2022-05-20 12:21:07,455 INFO [restartedMain] o.s.b.d.a.OptionalLiveReloadServer [OptionalLiveReloadServer.java:58] LiveReload server is running on port 35729
2022-05-20 12:21:07,467 INFO [restartedMain] o.a.c.h.Http11NioProtocol [DirectJDKLog.java:173] Starting ProtocolHandler ["http-nio-8080"]
2022-05-20 12:21:07,481 INFO [restartedMain] o.s.b.w.e.t.TomcatWebServer [TomcatWebServer.java:220] Tomcat started on port(s): 8080 (http) with context path '/community'
2022-05-20 12:21:07,489 INFO [restartedMain] c.l.CommunityApplication [StartupInfoLogger.java:61] Started CommunityApplication in 1.615 seconds (JVM running for 2.383)
2022-05-20 12:21:13,899 INFO [http-nio-8080-exec-1] o.a.c.c.C.[.[.[/community] [DirectJDKLog.java:173] Initializing Spring DispatcherServlet 'dispatcherServlet'
2022-05-20 12:21:13,899 INFO [http-nio-8080-exec-1] o.s.w.s.DispatcherServlet [FrameworkServlet.java:525] Initializing Servlet 'dispatcherServlet'
2022-05-20 12:21:13,902 INFO [http-nio-8080-exec-1] o.s.w.s.DispatcherServlet [FrameworkServlet.java:547] Completed initialization in 3 ms
2022-05-20 12:21:15,580 INFO [http-nio-8080-exec-4] c.z.h.HikariDataSource [HikariDataSource.java:110] defaultDataSource - Starting...
2022-05-20 12:21:15,929 INFO [http-nio-8080-exec-4] c.z.h.HikariDataSource [HikariDataSource.java:123] defaultDataSource - Start completed.
2022-05-20 12:22:05,721 INFO [restartedMain] c.l.CommunityApplication [StartupInfoLogger.java:55] Starting CommunityApplication on LAPTOP-8HNF67T3 with PID 28256 (D:\idea\ideafile\community\target\classes started by laixi in D:\idea\ideafile\community)
2022-05-20 12:22:05,723 INFO [restartedMain] c.l.CommunityApplication [SpringApplication.java:651] No active profile set, falling back to default profiles: default
2022-05-20 12:22:05,751 INFO [restartedMain] o.s.b.d.e.DevToolsPropertyDefaultsPostProcessor [DeferredLog.java:225] Devtools property defaults active! Set 'spring.devtools.add-properties' to 'false' to disable
2022-05-20 12:22:05,752 INFO [restartedMain] o.s.b.d.e.DevToolsPropertyDefaultsPostProcessor [DeferredLog.java:225] For additional web related logging consider setting the 'logging.level.web' property to 'DEBUG'
2022-05-20 12:22:06,346 INFO [restartedMain] o.s.b.w.e.t.TomcatWebServer [TomcatWebServer.java:108] Tomcat initialized with port(s): 8080 (http)
2022-05-20 12:22:06,351 INFO [restartedMain] o.a.c.h.Http11NioProtocol [DirectJDKLog.java:173] Initializing ProtocolHandler ["http-nio-8080"]
2022-05-20 12:22:06,351 INFO [restartedMain] o.a.c.c.StandardService [DirectJDKLog.java:173] Starting service [Tomcat]
2022-05-20 12:22:06,351 INFO [restartedMain] o.a.c.c.StandardEngine [DirectJDKLog.java:173] Starting Servlet engine: [Apache Tomcat/9.0.41]
2022-05-20 12:22:06,353 INFO [restartedMain] o.a.c.c.AprLifecycleListener [DirectJDKLog.java:173] Loaded Apache Tomcat Native library [1.2.31] using APR version [1.7.0].
2022-05-20 12:22:06,353 INFO [restartedMain] o.a.c.c.AprLifecycleListener [DirectJDKLog.java:173] APR capabilities: IPv6 [true], sendfile [true], accept filters [false], random [true].
2022-05-20 12:22:06,353 INFO [restartedMain] o.a.c.c.AprLifecycleListener [DirectJDKLog.java:173] APR/OpenSSL configuration: useAprConnector [false], useOpenSSL [true]
2022-05-20 12:22:06,355 INFO [restartedMain] o.a.c.c.AprLifecycleListener [DirectJDKLog.java:173] OpenSSL successfully initialized [OpenSSL 1.1.1l  24 Aug 2021]
2022-05-20 12:22:06,441 INFO [restartedMain] o.a.c.c.C.[.[.[/community] [DirectJDKLog.java:173] Initializing Spring embedded WebApplicationContext
2022-05-20 12:22:06,441 INFO [restartedMain] o.s.b.w.s.c.ServletWebServerApplicationContext [ServletWebServerApplicationContext.java:285] Root WebApplicationContext: initialization completed in 689 ms
2022-05-20 12:22:06,707 INFO [restartedMain] o.s.s.c.ThreadPoolTaskExecutor [ExecutorConfigurationSupport.java:181] Initializing ExecutorService 'applicationTaskExecutor'
2022-05-20 12:22:06,744 INFO [restartedMain] o.s.b.a.w.s.WelcomePageHandlerMapping [WelcomePageHandlerMapping.java:58] Adding welcome page template: index
2022-05-20 12:22:06,878 INFO [restartedMain] o.s.b.d.a.OptionalLiveReloadServer [OptionalLiveReloadServer.java:58] LiveReload server is running on port 35729
2022-05-20 12:22:06,888 INFO [restartedMain] o.a.c.h.Http11NioProtocol [DirectJDKLog.java:173] Starting ProtocolHandler ["http-nio-8080"]
2022-05-20 12:22:06,900 INFO [restartedMain] o.s.b.w.e.t.TomcatWebServer [TomcatWebServer.java:220] Tomcat started on port(s): 8080 (http) with context path '/community'
2022-05-20 12:22:06,908 INFO [restartedMain] c.l.CommunityApplication [StartupInfoLogger.java:61] Started CommunityApplication in 1.444 seconds (JVM running for 2.157)
2022-05-20 12:22:07,999 INFO [http-nio-8080-exec-1] o.a.c.c.C.[.[.[/community] [DirectJDKLog.java:173] Initializing Spring DispatcherServlet 'dispatcherServlet'
2022-05-20 12:22:07,999 INFO [http-nio-8080-exec-1] o.s.w.s.DispatcherServlet [FrameworkServlet.java:525] Initializing Servlet 'dispatcherServlet'
2022-05-20 12:22:08,002 INFO [http-nio-8080-exec-1] o.s.w.s.DispatcherServlet [FrameworkServlet.java:547] Completed initialization in 3 ms
2022-05-20 12:23:25,489 INFO [restartedMain] c.l.CommunityApplication [StartupInfoLogger.java:55] Starting CommunityApplication on LAPTOP-8HNF67T3 with PID 19596 (D:\idea\ideafile\community\target\classes started by laixi in D:\idea\ideafile\community)
2022-05-20 12:23:25,492 INFO [restartedMain] c.l.CommunityApplication [SpringApplication.java:651] No active profile set, falling back to default profiles: default
2022-05-20 12:23:25,521 INFO [restartedMain] o.s.b.d.e.DevToolsPropertyDefaultsPostProcessor [DeferredLog.java:225] Devtools property defaults active! Set 'spring.devtools.add-properties' to 'false' to disable
2022-05-20 12:23:25,522 INFO [restartedMain] o.s.b.d.e.DevToolsPropertyDefaultsPostProcessor [DeferredLog.java:225] For additional web related logging consider setting the 'logging.level.web' property to 'DEBUG'
2022-05-20 12:23:26,143 INFO [restartedMain] o.s.b.w.e.t.TomcatWebServer [TomcatWebServer.java:108] Tomcat initialized with port(s): 8080 (http)
2022-05-20 12:23:26,148 INFO [restartedMain] o.a.c.h.Http11NioProtocol [DirectJDKLog.java:173] Initializing ProtocolHandler ["http-nio-8080"]
2022-05-20 12:23:26,148 INFO [restartedMain] o.a.c.c.StandardService [DirectJDKLog.java:173] Starting service [Tomcat]
2022-05-20 12:23:26,148 INFO [restartedMain] o.a.c.c.StandardEngine [DirectJDKLog.java:173] Starting Servlet engine: [Apache Tomcat/9.0.41]
2022-05-20 12:23:26,149 INFO [restartedMain] o.a.c.c.AprLifecycleListener [DirectJDKLog.java:173] Loaded Apache Tomcat Native library [1.2.31] using APR version [1.7.0].
2022-05-20 12:23:26,150 INFO [restartedMain] o.a.c.c.AprLifecycleListener [DirectJDKLog.java:173] APR capabilities: IPv6 [true], sendfile [true], accept filters [false], random [true].
2022-05-20 12:23:26,150 INFO [restartedMain] o.a.c.c.AprLifecycleListener [DirectJDKLog.java:173] APR/OpenSSL configuration: useAprConnector [false], useOpenSSL [true]
2022-05-20 12:23:26,152 INFO [restartedMain] o.a.c.c.AprLifecycleListener [DirectJDKLog.java:173] OpenSSL successfully initialized [OpenSSL 1.1.1l  24 Aug 2021]
2022-05-20 12:23:26,230 INFO [restartedMain] o.a.c.c.C.[.[.[/community] [DirectJDKLog.java:173] Initializing Spring embedded WebApplicationContext
2022-05-20 12:23:26,230 INFO [restartedMain] o.s.b.w.s.c.ServletWebServerApplicationContext [ServletWebServerApplicationContext.java:285] Root WebApplicationContext: initialization completed in 707 ms
2022-05-20 12:23:26,532 INFO [restartedMain] o.s.s.c.ThreadPoolTaskExecutor [ExecutorConfigurationSupport.java:181] Initializing ExecutorService 'applicationTaskExecutor'
2022-05-20 12:23:26,591 INFO [restartedMain] o.s.b.a.w.s.WelcomePageHandlerMapping [WelcomePageHandlerMapping.java:58] Adding welcome page template: index
2022-05-20 12:23:26,722 INFO [restartedMain] o.s.b.d.a.OptionalLiveReloadServer [OptionalLiveReloadServer.java:58] LiveReload server is running on port 35729
2022-05-20 12:23:26,732 INFO [restartedMain] o.a.c.h.Http11NioProtocol [DirectJDKLog.java:173] Starting ProtocolHandler ["http-nio-8080"]
2022-05-20 12:23:26,744 INFO [restartedMain] o.s.b.w.e.t.TomcatWebServer [TomcatWebServer.java:220] Tomcat started on port(s): 8080 (http) with context path '/community'
2022-05-20 12:23:26,751 INFO [restartedMain] c.l.CommunityApplication [StartupInfoLogger.java:61] Started CommunityApplication in 1.501 seconds (JVM running for 2.211)
2022-05-20 12:23:42,583 INFO [http-nio-8080-exec-1] o.a.c.c.C.[.[.[/community] [DirectJDKLog.java:173] Initializing Spring DispatcherServlet 'dispatcherServlet'
2022-05-20 12:23:42,583 INFO [http-nio-8080-exec-1] o.s.w.s.DispatcherServlet [FrameworkServlet.java:525] Initializing Servlet 'dispatcherServlet'
2022-05-20 12:23:42,586 INFO [http-nio-8080-exec-1] o.s.w.s.DispatcherServlet [FrameworkServlet.java:547] Completed initialization in 3 ms
2022-05-20 12:23:45,664 INFO [http-nio-8080-exec-2] c.z.h.HikariDataSource [HikariDataSource.java:110] defaultDataSource - Starting...
2022-05-20 12:23:46,014 INFO [http-nio-8080-exec-2] c.z.h.HikariDataSource [HikariDataSource.java:123] defaultDataSource - Start completed.
2022-05-20 12:55:44,900 INFO [main] c.l.CommunityApplicationTests [StartupInfoLogger.java:55] Starting CommunityApplicationTests on LAPTOP-8HNF67T3 with PID 28764 (started by laixi in D:\idea\ideafile\community)
2022-05-20 12:55:44,901 INFO [main] c.l.CommunityApplicationTests [SpringApplication.java:651] No active profile set, falling back to default profiles: default
2022-05-20 12:55:46,020 INFO [main] o.s.s.c.ThreadPoolTaskExecutor [ExecutorConfigurationSupport.java:181] Initializing ExecutorService 'applicationTaskExecutor'
2022-05-20 12:55:46,106 INFO [main] o.s.b.a.w.s.WelcomePageHandlerMapping [WelcomePageHandlerMapping.java:58] Adding welcome page template: index
2022-05-20 12:55:46,364 INFO [main] c.l.CommunityApplicationTests [StartupInfoLogger.java:61] Started CommunityApplicationTests in 1.679 seconds (JVM running for 2.451)
2022-05-20 12:55:46,765 INFO [SpringContextShutdownHook] o.s.s.c.ThreadPoolTaskExecutor [ExecutorConfigurationSupport.java:218] Shutting down ExecutorService 'applicationTaskExecutor'
2022-05-20 12:56:07,000 INFO [main] c.l.CommunityApplicationTests [StartupInfoLogger.java:55] Starting CommunityApplicationTests on LAPTOP-8HNF67T3 with PID 2092 (started by laixi in D:\idea\ideafile\community)
2022-05-20 12:56:07,001 INFO [main] c.l.CommunityApplicationTests [SpringApplication.java:651] No active profile set, falling back to default profiles: default
2022-05-20 12:56:08,054 INFO [main] o.s.s.c.ThreadPoolTaskExecutor [ExecutorConfigurationSupport.java:181] Initializing ExecutorService 'applicationTaskExecutor'
2022-05-20 12:56:08,137 INFO [main] o.s.b.a.w.s.WelcomePageHandlerMapping [WelcomePageHandlerMapping.java:58] Adding welcome page template: index
2022-05-20 12:56:08,387 INFO [main] c.l.CommunityApplicationTests [StartupInfoLogger.java:61] Started CommunityApplicationTests in 1.621 seconds (JVM running for 2.397)
2022-05-20 12:56:08,720 INFO [SpringContextShutdownHook] o.s.s.c.ThreadPoolTaskExecutor [ExecutorConfigurationSupport.java:218] Shutting down ExecutorService 'applicationTaskExecutor'
2022-05-20 12:58:04,087 INFO [main] c.l.CommunityApplicationTests [StartupInfoLogger.java:55] Starting CommunityApplicationTests on LAPTOP-8HNF67T3 with PID 1912 (started by laixi in D:\idea\ideafile\community)
2022-05-20 12:58:04,089 INFO [main] c.l.CommunityApplicationTests [SpringApplication.java:651] No active profile set, falling back to default profiles: default
2022-05-20 12:58:05,112 INFO [main] o.s.s.c.ThreadPoolTaskExecutor [ExecutorConfigurationSupport.java:181] Initializing ExecutorService 'applicationTaskExecutor'
2022-05-20 12:58:05,259 INFO [main] o.s.b.a.w.s.WelcomePageHandlerMapping [WelcomePageHandlerMapping.java:58] Adding welcome page template: index
2022-05-20 12:58:05,535 INFO [main] c.l.CommunityApplicationTests [StartupInfoLogger.java:61] Started CommunityApplicationTests in 1.676 seconds (JVM running for 2.45)
2022-05-20 12:58:05,872 INFO [SpringContextShutdownHook] o.s.s.c.ThreadPoolTaskExecutor [ExecutorConfigurationSupport.java:218] Shutting down ExecutorService 'applicationTaskExecutor'
2022-05-20 14:12:28,322 INFO [main] c.l.CommunityApplicationTests [StartupInfoLogger.java:55] Starting CommunityApplicationTests on LAPTOP-8HNF67T3 with PID 29552 (started by laixi in D:\idea\ideafile\community)
2022-05-20 14:12:28,324 INFO [main] c.l.CommunityApplicationTests [SpringApplication.java:651] No active profile set, falling back to default profiles: default
2022-05-20 14:12:29,498 INFO [main] o.s.s.c.ThreadPoolTaskExecutor [ExecutorConfigurationSupport.java:181] Initializing ExecutorService 'applicationTaskExecutor'
2022-05-20 14:12:29,685 INFO [main] o.s.b.a.w.s.WelcomePageHandlerMapping [WelcomePageHandlerMapping.java:58] Adding welcome page template: index
2022-05-20 14:12:29,929 INFO [main] c.l.CommunityApplicationTests [StartupInfoLogger.java:61] Started CommunityApplicationTests in 1.856 seconds (JVM running for 2.71)
2022-05-20 14:12:30,332 INFO [SpringContextShutdownHook] o.s.s.c.ThreadPoolTaskExecutor [ExecutorConfigurationSupport.java:218] Shutting down ExecutorService 'applicationTaskExecutor'
2022-05-20 14:12:44,610 INFO [restartedMain] c.l.CommunityApplication [StartupInfoLogger.java:55] Starting CommunityApplication on LAPTOP-8HNF67T3 with PID 3248 (D:\idea\ideafile\community\target\classes started by laixi in D:\idea\ideafile\community)
2022-05-20 14:12:44,612 INFO [restartedMain] c.l.CommunityApplication [SpringApplication.java:651] No active profile set, falling back to default profiles: default
2022-05-20 14:12:44,640 INFO [restartedMain] o.s.b.d.e.DevToolsPropertyDefaultsPostProcessor [DeferredLog.java:225] Devtools property defaults active! Set 'spring.devtools.add-properties' to 'false' to disable
2022-05-20 14:12:44,640 INFO [restartedMain] o.s.b.d.e.DevToolsPropertyDefaultsPostProcessor [DeferredLog.java:225] For additional web related logging consider setting the 'logging.level.web' property to 'DEBUG'
2022-05-20 14:12:45,290 INFO [restartedMain] o.s.b.w.e.t.TomcatWebServer [TomcatWebServer.java:108] Tomcat initialized with port(s): 8080 (http)
2022-05-20 14:12:45,295 INFO [restartedMain] o.a.c.h.Http11NioProtocol [DirectJDKLog.java:173] Initializing ProtocolHandler ["http-nio-8080"]
2022-05-20 14:12:45,296 INFO [restartedMain] o.a.c.c.StandardService [DirectJDKLog.java:173] Starting service [Tomcat]
2022-05-20 14:12:45,296 INFO [restartedMain] o.a.c.c.StandardEngine [DirectJDKLog.java:173] Starting Servlet engine: [Apache Tomcat/9.0.41]
2022-05-20 14:12:45,297 INFO [restartedMain] o.a.c.c.AprLifecycleListener [DirectJDKLog.java:173] Loaded Apache Tomcat Native library [1.2.31] using APR version [1.7.0].
2022-05-20 14:12:45,297 INFO [restartedMain] o.a.c.c.AprLifecycleListener [DirectJDKLog.java:173] APR capabilities: IPv6 [true], sendfile [true], accept filters [false], random [true].
2022-05-20 14:12:45,297 INFO [restartedMain] o.a.c.c.AprLifecycleListener [DirectJDKLog.java:173] APR/OpenSSL configuration: useAprConnector [false], useOpenSSL [true]
2022-05-20 14:12:45,300 INFO [restartedMain] o.a.c.c.AprLifecycleListener [DirectJDKLog.java:173] OpenSSL successfully initialized [OpenSSL 1.1.1l  24 Aug 2021]
2022-05-20 14:12:45,387 INFO [restartedMain] o.a.c.c.C.[.[.[/community] [DirectJDKLog.java:173] Initializing Spring embedded WebApplicationContext
2022-05-20 14:12:45,387 INFO [restartedMain] o.s.b.w.s.c.ServletWebServerApplicationContext [ServletWebServerApplicationContext.java:285] Root WebApplicationContext: initialization completed in 747 ms
2022-05-20 14:12:45,651 INFO [restartedMain] o.s.s.c.ThreadPoolTaskExecutor [ExecutorConfigurationSupport.java:181] Initializing ExecutorService 'applicationTaskExecutor'
2022-05-20 14:12:45,687 INFO [restartedMain] o.s.b.a.w.s.WelcomePageHandlerMapping [WelcomePageHandlerMapping.java:58] Adding welcome page template: index
2022-05-20 14:12:45,812 INFO [restartedMain] o.s.b.d.a.OptionalLiveReloadServer [OptionalLiveReloadServer.java:58] LiveReload server is running on port 35729
2022-05-20 14:12:45,821 INFO [restartedMain] o.a.c.h.Http11NioProtocol [DirectJDKLog.java:173] Starting ProtocolHandler ["http-nio-8080"]
2022-05-20 14:12:45,833 INFO [restartedMain] o.s.b.w.e.t.TomcatWebServer [TomcatWebServer.java:220] Tomcat started on port(s): 8080 (http) with context path '/community'
2022-05-20 14:12:45,840 INFO [restartedMain] c.l.CommunityApplication [StartupInfoLogger.java:61] Started CommunityApplication in 1.489 seconds (JVM running for 2.183)
2022-05-20 14:12:55,984 INFO [http-nio-8080-exec-1] o.a.c.c.C.[.[.[/community] [DirectJDKLog.java:173] Initializing Spring DispatcherServlet 'dispatcherServlet'
2022-05-20 14:12:55,984 INFO [http-nio-8080-exec-1] o.s.w.s.DispatcherServlet [FrameworkServlet.java:525] Initializing Servlet 'dispatcherServlet'
2022-05-20 14:12:55,987 INFO [http-nio-8080-exec-1] o.s.w.s.DispatcherServlet [FrameworkServlet.java:547] Completed initialization in 3 ms
2022-05-20 14:12:56,018 INFO [http-nio-8080-exec-1] c.z.h.HikariDataSource [HikariDataSource.java:110] defaultDataSource - Starting...
2022-05-20 14:12:56,369 INFO [http-nio-8080-exec-1] c.z.h.HikariDataSource [HikariDataSource.java:123] defaultDataSource - Start completed.
2022-05-20 14:15:21,976 INFO [restartedMain] c.l.CommunityApplication [StartupInfoLogger.java:55] Starting CommunityApplication on LAPTOP-8HNF67T3 with PID 20624 (D:\idea\ideafile\community\target\classes started by laixi in D:\idea\ideafile\community)
2022-05-20 14:15:21,979 INFO [restartedMain] c.l.CommunityApplication [SpringApplication.java:651] No active profile set, falling back to default profiles: default
2022-05-20 14:15:22,011 INFO [restartedMain] o.s.b.d.e.DevToolsPropertyDefaultsPostProcessor [DeferredLog.java:225] Devtools property defaults active! Set 'spring.devtools.add-properties' to 'false' to disable
2022-05-20 14:15:22,011 INFO [restartedMain] o.s.b.d.e.DevToolsPropertyDefaultsPostProcessor [DeferredLog.java:225] For additional web related logging consider setting the 'logging.level.web' property to 'DEBUG'
2022-05-20 14:15:22,673 INFO [restartedMain] o.s.b.w.e.t.TomcatWebServer [TomcatWebServer.java:108] Tomcat initialized with port(s): 8080 (http)
2022-05-20 14:15:22,679 INFO [restartedMain] o.a.c.h.Http11NioProtocol [DirectJDKLog.java:173] Initializing ProtocolHandler ["http-nio-8080"]
2022-05-20 14:15:22,679 INFO [restartedMain] o.a.c.c.StandardService [DirectJDKLog.java:173] Starting service [Tomcat]
2022-05-20 14:15:22,680 INFO [restartedMain] o.a.c.c.StandardEngine [DirectJDKLog.java:173] Starting Servlet engine: [Apache Tomcat/9.0.41]
2022-05-20 14:15:22,681 INFO [restartedMain] o.a.c.c.AprLifecycleListener [DirectJDKLog.java:173] Loaded Apache Tomcat Native library [1.2.31] using APR version [1.7.0].
2022-05-20 14:15:22,681 INFO [restartedMain] o.a.c.c.AprLifecycleListener [DirectJDKLog.java:173] APR capabilities: IPv6 [true], sendfile [true], accept filters [false], random [true].
2022-05-20 14:15:22,681 INFO [restartedMain] o.a.c.c.AprLifecycleListener [DirectJDKLog.java:173] APR/OpenSSL configuration: useAprConnector [false], useOpenSSL [true]
2022-05-20 14:15:22,684 INFO [restartedMain] o.a.c.c.AprLifecycleListener [DirectJDKLog.java:173] OpenSSL successfully initialized [OpenSSL 1.1.1l  24 Aug 2021]
2022-05-20 14:15:22,769 INFO [restartedMain] o.a.c.c.C.[.[.[/community] [DirectJDKLog.java:173] Initializing Spring embedded WebApplicationContext
2022-05-20 14:15:22,770 INFO [restartedMain] o.s.b.w.s.c.ServletWebServerApplicationContext [ServletWebServerApplicationContext.java:285] Root WebApplicationContext: initialization completed in 758 ms
2022-05-20 14:15:23,033 INFO [restartedMain] o.s.s.c.ThreadPoolTaskExecutor [ExecutorConfigurationSupport.java:181] Initializing ExecutorService 'applicationTaskExecutor'
2022-05-20 14:15:23,069 INFO [restartedMain] o.s.b.a.w.s.WelcomePageHandlerMapping [WelcomePageHandlerMapping.java:58] Adding welcome page template: index
2022-05-20 14:15:23,173 INFO [restartedMain] o.s.b.d.a.OptionalLiveReloadServer [OptionalLiveReloadServer.java:58] LiveReload server is running on port 35729
2022-05-20 14:15:23,183 INFO [restartedMain] o.a.c.h.Http11NioProtocol [DirectJDKLog.java:173] Starting ProtocolHandler ["http-nio-8080"]
2022-05-20 14:15:23,195 INFO [restartedMain] o.s.b.w.e.t.TomcatWebServer [TomcatWebServer.java:220] Tomcat started on port(s): 8080 (http) with context path '/community'
2022-05-20 14:15:23,202 INFO [restartedMain] c.l.CommunityApplication [StartupInfoLogger.java:61] Started CommunityApplication in 1.494 seconds (JVM running for 2.441)
2022-05-20 14:15:28,077 INFO [http-nio-8080-exec-1] o.a.c.c.C.[.[.[/community] [DirectJDKLog.java:173] Initializing Spring DispatcherServlet 'dispatcherServlet'
2022-05-20 14:15:28,077 INFO [http-nio-8080-exec-1] o.s.w.s.DispatcherServlet [FrameworkServlet.java:525] Initializing Servlet 'dispatcherServlet'
2022-05-20 14:15:28,080 INFO [http-nio-8080-exec-1] o.s.w.s.DispatcherServlet [FrameworkServlet.java:547] Completed initialization in 3 ms
2022-05-20 14:19:00,106 INFO [restartedMain] c.l.CommunityApplication [StartupInfoLogger.java:55] Starting CommunityApplication on LAPTOP-8HNF67T3 with PID 18648 (D:\idea\ideafile\community\target\classes started by laixi in D:\idea\ideafile\community)
2022-05-20 14:19:00,108 INFO [restartedMain] c.l.CommunityApplication [SpringApplication.java:651] No active profile set, falling back to default profiles: default
2022-05-20 14:19:00,136 INFO [restartedMain] o.s.b.d.e.DevToolsPropertyDefaultsPostProcessor [DeferredLog.java:225] Devtools property defaults active! Set 'spring.devtools.add-properties' to 'false' to disable
2022-05-20 14:19:00,137 INFO [restartedMain] o.s.b.d.e.DevToolsPropertyDefaultsPostProcessor [DeferredLog.java:225] For additional web related logging consider setting the 'logging.level.web' property to 'DEBUG'
2022-05-20 14:19:00,746 INFO [restartedMain] o.s.b.w.e.t.TomcatWebServer [TomcatWebServer.java:108] Tomcat initialized with port(s): 8080 (http)
2022-05-20 14:19:00,752 INFO [restartedMain] o.a.c.h.Http11NioProtocol [DirectJDKLog.java:173] Initializing ProtocolHandler ["http-nio-8080"]
2022-05-20 14:19:00,752 INFO [restartedMain] o.a.c.c.StandardService [DirectJDKLog.java:173] Starting service [Tomcat]
2022-05-20 14:19:00,752 INFO [restartedMain] o.a.c.c.StandardEngine [DirectJDKLog.java:173] Starting Servlet engine: [Apache Tomcat/9.0.41]
2022-05-20 14:19:00,754 INFO [restartedMain] o.a.c.c.AprLifecycleListener [DirectJDKLog.java:173] Loaded Apache Tomcat Native library [1.2.31] using APR version [1.7.0].
2022-05-20 14:19:00,754 INFO [restartedMain] o.a.c.c.AprLifecycleListener [DirectJDKLog.java:173] APR capabilities: IPv6 [true], sendfile [true], accept filters [false], random [true].
2022-05-20 14:19:00,754 INFO [restartedMain] o.a.c.c.AprLifecycleListener [DirectJDKLog.java:173] APR/OpenSSL configuration: useAprConnector [false], useOpenSSL [true]
2022-05-20 14:19:00,756 INFO [restartedMain] o.a.c.c.AprLifecycleListener [DirectJDKLog.java:173] OpenSSL successfully initialized [OpenSSL 1.1.1l  24 Aug 2021]
2022-05-20 14:19:00,838 INFO [restartedMain] o.a.c.c.C.[.[.[/community] [DirectJDKLog.java:173] Initializing Spring embedded WebApplicationContext
2022-05-20 14:19:00,839 INFO [restartedMain] o.s.b.w.s.c.ServletWebServerApplicationContext [ServletWebServerApplicationContext.java:285] Root WebApplicationContext: initialization completed in 702 ms
2022-05-20 14:19:01,091 INFO [restartedMain] o.s.s.c.ThreadPoolTaskExecutor [ExecutorConfigurationSupport.java:181] Initializing ExecutorService 'applicationTaskExecutor'
2022-05-20 14:19:01,128 INFO [restartedMain] o.s.b.a.w.s.WelcomePageHandlerMapping [WelcomePageHandlerMapping.java:58] Adding welcome page template: index
2022-05-20 14:19:01,244 INFO [restartedMain] o.s.b.d.a.OptionalLiveReloadServer [OptionalLiveReloadServer.java:58] LiveReload server is running on port 35729
2022-05-20 14:19:01,253 INFO [restartedMain] o.a.c.h.Http11NioProtocol [DirectJDKLog.java:173] Starting ProtocolHandler ["http-nio-8080"]
2022-05-20 14:19:01,264 INFO [restartedMain] o.s.b.w.e.t.TomcatWebServer [TomcatWebServer.java:220] Tomcat started on port(s): 8080 (http) with context path '/community'
2022-05-20 14:19:01,271 INFO [restartedMain] c.l.CommunityApplication [StartupInfoLogger.java:61] Started CommunityApplication in 1.401 seconds (JVM running for 2.055)
2022-05-20 14:19:01,316 INFO [http-nio-8080-exec-1] o.a.c.c.C.[.[.[/community] [DirectJDKLog.java:173] Initializing Spring DispatcherServlet 'dispatcherServlet'
2022-05-20 14:19:01,317 INFO [http-nio-8080-exec-1] o.s.w.s.DispatcherServlet [FrameworkServlet.java:525] Initializing Servlet 'dispatcherServlet'
2022-05-20 14:19:01,319 INFO [http-nio-8080-exec-1] o.s.w.s.DispatcherServlet [FrameworkServlet.java:547] Completed initialization in 2 ms
2022-05-20 14:19:01,350 INFO [http-nio-8080-exec-1] c.z.h.HikariDataSource [HikariDataSource.java:110] defaultDataSource - Starting...
2022-05-20 14:19:01,739 INFO [http-nio-8080-exec-1] c.z.h.HikariDataSource [HikariDataSource.java:123] defaultDataSource - Start completed.
2022-05-20 14:22:49,552 INFO [main] c.l.CommunityApplicationTests [StartupInfoLogger.java:55] Starting CommunityApplicationTests on LAPTOP-8HNF67T3 with PID 5732 (started by laixi in D:\idea\ideafile\community)
2022-05-20 14:22:49,553 INFO [main] c.l.CommunityApplicationTests [SpringApplication.java:651] No active profile set, falling back to default profiles: default
2022-05-20 14:22:50,654 INFO [main] o.s.s.c.ThreadPoolTaskExecutor [ExecutorConfigurationSupport.java:181] Initializing ExecutorService 'applicationTaskExecutor'
2022-05-20 14:22:50,749 INFO [main] o.s.b.a.w.s.WelcomePageHandlerMapping [WelcomePageHandlerMapping.java:58] Adding welcome page template: index
2022-05-20 14:22:50,983 INFO [main] c.l.CommunityApplicationTests [StartupInfoLogger.java:61] Started CommunityApplicationTests in 1.66 seconds (JVM running for 2.427)
2022-05-20 14:22:51,131 INFO [main] c.z.h.HikariDataSource [HikariDataSource.java:110] defaultDataSource - Starting...
2022-05-20 14:22:51,788 INFO [main] c.z.h.HikariDataSource [HikariDataSource.java:123] defaultDataSource - Start completed.
2022-05-20 14:22:51,827 INFO [SpringContextShutdownHook] o.s.s.c.ThreadPoolTaskExecutor [ExecutorConfigurationSupport.java:218] Shutting down ExecutorService 'applicationTaskExecutor'
2022-05-20 14:22:51,827 INFO [SpringContextShutdownHook] c.z.h.HikariDataSource [HikariDataSource.java:350] defaultDataSource - Shutdown initiated...
2022-05-20 14:22:51,829 INFO [SpringContextShutdownHook] c.z.h.HikariDataSource [HikariDataSource.java:352] defaultDataSource - Shutdown completed.
2022-05-20 14:23:27,042 INFO [main] c.l.CommunityApplicationTests [StartupInfoLogger.java:55] Starting CommunityApplicationTests on LAPTOP-8HNF67T3 with PID 7384 (started by laixi in D:\idea\ideafile\community)
2022-05-20 14:23:27,043 INFO [main] c.l.CommunityApplicationTests [SpringApplication.java:651] No active profile set, falling back to default profiles: default
2022-05-20 14:23:28,172 INFO [main] o.s.s.c.ThreadPoolTaskExecutor [ExecutorConfigurationSupport.java:181] Initializing ExecutorService 'applicationTaskExecutor'
2022-05-20 14:23:28,263 INFO [main] o.s.b.a.w.s.WelcomePageHandlerMapping [WelcomePageHandlerMapping.java:58] Adding welcome page template: index
2022-05-20 14:23:28,494 INFO [main] c.l.CommunityApplicationTests [StartupInfoLogger.java:61] Started CommunityApplicationTests in 1.702 seconds (JVM running for 2.459)
2022-05-20 14:23:28,666 INFO [main] c.z.h.HikariDataSource [HikariDataSource.java:110] defaultDataSource - Starting...
2022-05-20 14:23:29,354 INFO [main] c.z.h.HikariDataSource [HikariDataSource.java:123] defaultDataSource - Start completed.
2022-05-20 14:23:29,392 INFO [SpringContextShutdownHook] o.s.s.c.ThreadPoolTaskExecutor [ExecutorConfigurationSupport.java:218] Shutting down ExecutorService 'applicationTaskExecutor'
2022-05-20 14:23:29,392 INFO [SpringContextShutdownHook] c.z.h.HikariDataSource [HikariDataSource.java:350] defaultDataSource - Shutdown initiated...
2022-05-20 14:23:29,394 INFO [SpringContextShutdownHook] c.z.h.HikariDataSource [HikariDataSource.java:352] defaultDataSource - Shutdown completed.
2022-05-20 14:25:18,346 INFO [main] c.l.CommunityApplicationTests [StartupInfoLogger.java:55] Starting CommunityApplicationTests on LAPTOP-8HNF67T3 with PID 7368 (started by laixi in D:\idea\ideafile\community)
2022-05-20 14:25:18,347 INFO [main] c.l.CommunityApplicationTests [SpringApplication.java:651] No active profile set, falling back to default profiles: default
2022-05-20 14:25:19,506 INFO [main] o.s.s.c.ThreadPoolTaskExecutor [ExecutorConfigurationSupport.java:181] Initializing ExecutorService 'applicationTaskExecutor'
2022-05-20 14:25:19,593 INFO [main] o.s.b.a.w.s.WelcomePageHandlerMapping [WelcomePageHandlerMapping.java:58] Adding welcome page template: index
2022-05-20 14:25:19,812 INFO [main] c.l.CommunityApplicationTests [StartupInfoLogger.java:61] Started CommunityApplicationTests in 1.708 seconds (JVM running for 2.473)
2022-05-20 14:25:19,989 INFO [main] c.z.h.HikariDataSource [HikariDataSource.java:110] defaultDataSource - Starting...
2022-05-20 14:25:20,715 INFO [main] c.z.h.HikariDataSource [HikariDataSource.java:123] defaultDataSource - Start completed.
2022-05-20 14:25:20,768 INFO [SpringContextShutdownHook] o.s.s.c.ThreadPoolTaskExecutor [ExecutorConfigurationSupport.java:218] Shutting down ExecutorService 'applicationTaskExecutor'
2022-05-20 14:25:20,769 INFO [SpringContextShutdownHook] c.z.h.HikariDataSource [HikariDataSource.java:350] defaultDataSource - Shutdown initiated...
2022-05-20 14:25:20,772 INFO [SpringContextShutdownHook] c.z.h.HikariDataSource [HikariDataSource.java:352] defaultDataSource - Shutdown completed.
2022-05-20 14:30:43,537 INFO [restartedMain] c.l.CommunityApplication [StartupInfoLogger.java:55] Starting CommunityApplication on LAPTOP-8HNF67T3 with PID 28176 (D:\idea\ideafile\community\target\classes started by laixi in D:\idea\ideafile\community)
2022-05-20 14:30:43,540 INFO [restartedMain] c.l.CommunityApplication [SpringApplication.java:651] No active profile set, falling back to default profiles: default
2022-05-20 14:30:43,568 INFO [restartedMain] o.s.b.d.e.DevToolsPropertyDefaultsPostProcessor [DeferredLog.java:225] Devtools property defaults active! Set 'spring.devtools.add-properties' to 'false' to disable
2022-05-20 14:30:43,568 INFO [restartedMain] o.s.b.d.e.DevToolsPropertyDefaultsPostProcessor [DeferredLog.java:225] For additional web related logging consider setting the 'logging.level.web' property to 'DEBUG'
2022-05-20 14:30:44,224 INFO [restartedMain] o.s.b.w.e.t.TomcatWebServer [TomcatWebServer.java:108] Tomcat initialized with port(s): 8080 (http)
2022-05-20 14:30:44,228 INFO [restartedMain] o.a.c.h.Http11NioProtocol [DirectJDKLog.java:173] Initializing ProtocolHandler ["http-nio-8080"]
2022-05-20 14:30:44,229 INFO [restartedMain] o.a.c.c.StandardService [DirectJDKLog.java:173] Starting service [Tomcat]
2022-05-20 14:30:44,229 INFO [restartedMain] o.a.c.c.StandardEngine [DirectJDKLog.java:173] Starting Servlet engine: [Apache Tomcat/9.0.41]
2022-05-20 14:30:44,230 INFO [restartedMain] o.a.c.c.AprLifecycleListener [DirectJDKLog.java:173] Loaded Apache Tomcat Native library [1.2.31] using APR version [1.7.0].
2022-05-20 14:30:44,230 INFO [restartedMain] o.a.c.c.AprLifecycleListener [DirectJDKLog.java:173] APR capabilities: IPv6 [true], sendfile [true], accept filters [false], random [true].
2022-05-20 14:30:44,231 INFO [restartedMain] o.a.c.c.AprLifecycleListener [DirectJDKLog.java:173] APR/OpenSSL configuration: useAprConnector [false], useOpenSSL [true]
2022-05-20 14:30:44,233 INFO [restartedMain] o.a.c.c.AprLifecycleListener [DirectJDKLog.java:173] OpenSSL successfully initialized [OpenSSL 1.1.1l  24 Aug 2021]
2022-05-20 14:30:44,317 INFO [restartedMain] o.a.c.c.C.[.[.[/community] [DirectJDKLog.java:173] Initializing Spring embedded WebApplicationContext
2022-05-20 14:30:44,317 INFO [restartedMain] o.s.b.w.s.c.ServletWebServerApplicationContext [ServletWebServerApplicationContext.java:285] Root WebApplicationContext: initialization completed in 748 ms
2022-05-20 14:30:44,571 INFO [restartedMain] o.s.s.c.ThreadPoolTaskExecutor [ExecutorConfigurationSupport.java:181] Initializing ExecutorService 'applicationTaskExecutor'
2022-05-20 14:30:44,604 INFO [restartedMain] o.s.b.a.w.s.WelcomePageHandlerMapping [WelcomePageHandlerMapping.java:58] Adding welcome page template: index
2022-05-20 14:30:44,715 INFO [restartedMain] o.s.b.d.a.OptionalLiveReloadServer [OptionalLiveReloadServer.java:58] LiveReload server is running on port 35729
2022-05-20 14:30:44,725 INFO [restartedMain] o.a.c.h.Http11NioProtocol [DirectJDKLog.java:173] Starting ProtocolHandler ["http-nio-8080"]
2022-05-20 14:30:44,736 INFO [restartedMain] o.s.b.w.e.t.TomcatWebServer [TomcatWebServer.java:220] Tomcat started on port(s): 8080 (http) with context path '/community'
2022-05-20 14:30:44,742 INFO [restartedMain] c.l.CommunityApplication [StartupInfoLogger.java:61] Started CommunityApplication in 1.468 seconds (JVM running for 2.175)
2022-05-20 14:30:48,288 INFO [http-nio-8080-exec-1] o.a.c.c.C.[.[.[/community] [DirectJDKLog.java:173] Initializing Spring DispatcherServlet 'dispatcherServlet'
2022-05-20 14:30:48,288 INFO [http-nio-8080-exec-1] o.s.w.s.DispatcherServlet [FrameworkServlet.java:525] Initializing Servlet 'dispatcherServlet'
2022-05-20 14:30:48,291 INFO [http-nio-8080-exec-1] o.s.w.s.DispatcherServlet [FrameworkServlet.java:547] Completed initialization in 3 ms
2022-05-20 14:30:48,324 INFO [http-nio-8080-exec-1] c.z.h.HikariDataSource [HikariDataSource.java:110] defaultDataSource - Starting...
2022-05-20 14:30:48,689 INFO [http-nio-8080-exec-1] c.z.h.HikariDataSource [HikariDataSource.java:123] defaultDataSource - Start completed.
2022-05-20 22:12:38,520 INFO [restartedMain] c.l.CommunityApplication [StartupInfoLogger.java:55] Starting CommunityApplication on LAPTOP-8HNF67T3 with PID 32364 (D:\idea\ideafile\community\target\classes started by laixi in D:\idea\ideafile\community)
2022-05-20 22:12:38,521 INFO [restartedMain] c.l.CommunityApplication [SpringApplication.java:651] No active profile set, falling back to default profiles: default
2022-05-20 22:12:38,550 INFO [restartedMain] o.s.b.d.e.DevToolsPropertyDefaultsPostProcessor [DeferredLog.java:225] Devtools property defaults active! Set 'spring.devtools.add-properties' to 'false' to disable
2022-05-20 22:12:38,550 INFO [restartedMain] o.s.b.d.e.DevToolsPropertyDefaultsPostProcessor [DeferredLog.java:225] For additional web related logging consider setting the 'logging.level.web' property to 'DEBUG'
2022-05-20 22:12:39,197 INFO [restartedMain] o.s.b.w.e.t.TomcatWebServer [TomcatWebServer.java:108] Tomcat initialized with port(s): 8080 (http)
2022-05-20 22:12:39,203 INFO [restartedMain] o.a.c.h.Http11NioProtocol [DirectJDKLog.java:173] Initializing ProtocolHandler ["http-nio-8080"]
2022-05-20 22:12:39,203 INFO [restartedMain] o.a.c.c.StandardService [DirectJDKLog.java:173] Starting service [Tomcat]
2022-05-20 22:12:39,203 INFO [restartedMain] o.a.c.c.StandardEngine [DirectJDKLog.java:173] Starting Servlet engine: [Apache Tomcat/9.0.41]
2022-05-20 22:12:39,204 INFO [restartedMain] o.a.c.c.AprLifecycleListener [DirectJDKLog.java:173] Loaded Apache Tomcat Native library [1.2.31] using APR version [1.7.0].
2022-05-20 22:12:39,205 INFO [restartedMain] o.a.c.c.AprLifecycleListener [DirectJDKLog.java:173] APR capabilities: IPv6 [true], sendfile [true], accept filters [false], random [true].
2022-05-20 22:12:39,205 INFO [restartedMain] o.a.c.c.AprLifecycleListener [DirectJDKLog.java:173] APR/OpenSSL configuration: useAprConnector [false], useOpenSSL [true]
2022-05-20 22:12:39,207 INFO [restartedMain] o.a.c.c.AprLifecycleListener [DirectJDKLog.java:173] OpenSSL successfully initialized [OpenSSL 1.1.1l  24 Aug 2021]
2022-05-20 22:12:39,293 INFO [restartedMain] o.a.c.c.C.[.[.[/community] [DirectJDKLog.java:173] Initializing Spring embedded WebApplicationContext
2022-05-20 22:12:39,293 INFO [restartedMain] o.s.b.w.s.c.ServletWebServerApplicationContext [ServletWebServerApplicationContext.java:285] Root WebApplicationContext: initialization completed in 742 ms
2022-05-20 22:12:39,550 INFO [restartedMain] o.s.s.c.ThreadPoolTaskExecutor [ExecutorConfigurationSupport.java:181] Initializing ExecutorService 'applicationTaskExecutor'
2022-05-20 22:12:39,587 INFO [restartedMain] o.s.b.a.w.s.WelcomePageHandlerMapping [WelcomePageHandlerMapping.java:58] Adding welcome page template: index
2022-05-20 22:12:39,705 INFO [restartedMain] o.s.b.d.a.OptionalLiveReloadServer [OptionalLiveReloadServer.java:58] LiveReload server is running on port 35729
2022-05-20 22:12:39,714 INFO [restartedMain] o.a.c.h.Http11NioProtocol [DirectJDKLog.java:173] Starting ProtocolHandler ["http-nio-8080"]
2022-05-20 22:12:39,725 INFO [restartedMain] o.s.b.w.e.t.TomcatWebServer [TomcatWebServer.java:220] Tomcat started on port(s): 8080 (http) with context path '/community'
2022-05-20 22:12:39,732 INFO [restartedMain] c.l.CommunityApplication [StartupInfoLogger.java:61] Started CommunityApplication in 1.459 seconds (JVM running for 2.137)
2022-05-20 22:12:45,029 INFO [http-nio-8080-exec-1] o.a.c.c.C.[.[.[/community] [DirectJDKLog.java:173] Initializing Spring DispatcherServlet 'dispatcherServlet'
2022-05-20 22:12:45,030 INFO [http-nio-8080-exec-1] o.s.w.s.DispatcherServlet [FrameworkServlet.java:525] Initializing Servlet 'dispatcherServlet'
2022-05-20 22:12:45,033 INFO [http-nio-8080-exec-1] o.s.w.s.DispatcherServlet [FrameworkServlet.java:547] Completed initialization in 3 ms
2022-05-20 22:12:45,065 INFO [http-nio-8080-exec-1] c.z.h.HikariDataSource [HikariDataSource.java:110] defaultDataSource - Starting...
2022-05-20 22:12:45,420 INFO [http-nio-8080-exec-1] c.z.h.HikariDataSource [HikariDataSource.java:123] defaultDataSource - Start completed.
2022-05-20 22:13:15,163 INFO [restartedMain] c.l.CommunityApplication [StartupInfoLogger.java:55] Starting CommunityApplication on LAPTOP-8HNF67T3 with PID 32044 (D:\idea\ideafile\community\target\classes started by laixi in D:\idea\ideafile\community)
2022-05-20 22:13:15,165 INFO [restartedMain] c.l.CommunityApplication [SpringApplication.java:651] No active profile set, falling back to default profiles: default
2022-05-20 22:13:15,205 INFO [restartedMain] o.s.b.d.e.DevToolsPropertyDefaultsPostProcessor [DeferredLog.java:225] Devtools property defaults active! Set 'spring.devtools.add-properties' to 'false' to disable
2022-05-20 22:13:15,205 INFO [restartedMain] o.s.b.d.e.DevToolsPropertyDefaultsPostProcessor [DeferredLog.java:225] For additional web related logging consider setting the 'logging.level.web' property to 'DEBUG'
2022-05-20 22:13:15,907 INFO [restartedMain] o.s.b.w.e.t.TomcatWebServer [TomcatWebServer.java:108] Tomcat initialized with port(s): 8080 (http)
2022-05-20 22:13:15,912 INFO [restartedMain] o.a.c.h.Http11NioProtocol [DirectJDKLog.java:173] Initializing ProtocolHandler ["http-nio-8080"]
2022-05-20 22:13:15,912 INFO [restartedMain] o.a.c.c.StandardService [DirectJDKLog.java:173] Starting service [Tomcat]
2022-05-20 22:13:15,912 INFO [restartedMain] o.a.c.c.StandardEngine [DirectJDKLog.java:173] Starting Servlet engine: [Apache Tomcat/9.0.41]
2022-05-20 22:13:15,913 INFO [restartedMain] o.a.c.c.AprLifecycleListener [DirectJDKLog.java:173] Loaded Apache Tomcat Native library [1.2.31] using APR version [1.7.0].
2022-05-20 22:13:15,914 INFO [restartedMain] o.a.c.c.AprLifecycleListener [DirectJDKLog.java:173] APR capabilities: IPv6 [true], sendfile [true], accept filters [false], random [true].
2022-05-20 22:13:15,914 INFO [restartedMain] o.a.c.c.AprLifecycleListener [DirectJDKLog.java:173] APR/OpenSSL configuration: useAprConnector [false], useOpenSSL [true]
2022-05-20 22:13:15,916 INFO [restartedMain] o.a.c.c.AprLifecycleListener [DirectJDKLog.java:173] OpenSSL successfully initialized [OpenSSL 1.1.1l  24 Aug 2021]
2022-05-20 22:13:16,002 INFO [restartedMain] o.a.c.c.C.[.[.[/community] [DirectJDKLog.java:173] Initializing Spring embedded WebApplicationContext
2022-05-20 22:13:16,002 INFO [restartedMain] o.s.b.w.s.c.ServletWebServerApplicationContext [ServletWebServerApplicationContext.java:285] Root WebApplicationContext: initialization completed in 796 ms
2022-05-20 22:13:16,282 INFO [restartedMain] o.s.s.c.ThreadPoolTaskExecutor [ExecutorConfigurationSupport.java:181] Initializing ExecutorService 'applicationTaskExecutor'
2022-05-20 22:13:16,325 INFO [restartedMain] o.s.b.a.w.s.WelcomePageHandlerMapping [WelcomePageHandlerMapping.java:58] Adding welcome page template: index
2022-05-20 22:13:16,451 INFO [restartedMain] o.s.b.d.a.OptionalLiveReloadServer [OptionalLiveReloadServer.java:58] LiveReload server is running on port 35729
2022-05-20 22:13:16,462 INFO [restartedMain] o.a.c.h.Http11NioProtocol [DirectJDKLog.java:173] Starting ProtocolHandler ["http-nio-8080"]
2022-05-20 22:13:16,474 INFO [restartedMain] o.s.b.w.e.t.TomcatWebServer [TomcatWebServer.java:220] Tomcat started on port(s): 8080 (http) with context path '/community'
2022-05-20 22:13:16,481 INFO [restartedMain] c.l.CommunityApplication [StartupInfoLogger.java:61] Started CommunityApplication in 1.597 seconds (JVM running for 2.326)
2022-05-20 22:13:21,139 INFO [http-nio-8080-exec-1] o.a.c.c.C.[.[.[/community] [DirectJDKLog.java:173] Initializing Spring DispatcherServlet 'dispatcherServlet'
2022-05-20 22:13:21,140 INFO [http-nio-8080-exec-1] o.s.w.s.DispatcherServlet [FrameworkServlet.java:525] Initializing Servlet 'dispatcherServlet'
2022-05-20 22:13:21,143 INFO [http-nio-8080-exec-1] o.s.w.s.DispatcherServlet [FrameworkServlet.java:547] Completed initialization in 3 ms
2022-05-20 22:14:14,332 INFO [restartedMain] c.l.CommunityApplication [StartupInfoLogger.java:55] Starting CommunityApplication on LAPTOP-8HNF67T3 with PID 35224 (D:\idea\ideafile\community\target\classes started by laixi in D:\idea\ideafile\community)
2022-05-20 22:14:14,334 INFO [restartedMain] c.l.CommunityApplication [SpringApplication.java:651] No active profile set, falling back to default profiles: default
2022-05-20 22:14:14,368 INFO [restartedMain] o.s.b.d.e.DevToolsPropertyDefaultsPostProcessor [DeferredLog.java:225] Devtools property defaults active! Set 'spring.devtools.add-properties' to 'false' to disable
2022-05-20 22:14:14,368 INFO [restartedMain] o.s.b.d.e.DevToolsPropertyDefaultsPostProcessor [DeferredLog.java:225] For additional web related logging consider setting the 'logging.level.web' property to 'DEBUG'
2022-05-20 22:14:15,028 INFO [restartedMain] o.s.b.w.e.t.TomcatWebServer [TomcatWebServer.java:108] Tomcat initialized with port(s): 8080 (http)
2022-05-20 22:14:15,033 INFO [restartedMain] o.a.c.h.Http11NioProtocol [DirectJDKLog.java:173] Initializing ProtocolHandler ["http-nio-8080"]
2022-05-20 22:14:15,034 INFO [restartedMain] o.a.c.c.StandardService [DirectJDKLog.java:173] Starting service [Tomcat]
2022-05-20 22:14:15,034 INFO [restartedMain] o.a.c.c.StandardEngine [DirectJDKLog.java:173] Starting Servlet engine: [Apache Tomcat/9.0.41]
2022-05-20 22:14:15,035 INFO [restartedMain] o.a.c.c.AprLifecycleListener [DirectJDKLog.java:173] Loaded Apache Tomcat Native library [1.2.31] using APR version [1.7.0].
2022-05-20 22:14:15,035 INFO [restartedMain] o.a.c.c.AprLifecycleListener [DirectJDKLog.java:173] APR capabilities: IPv6 [true], sendfile [true], accept filters [false], random [true].
2022-05-20 22:14:15,035 INFO [restartedMain] o.a.c.c.AprLifecycleListener [DirectJDKLog.java:173] APR/OpenSSL configuration: useAprConnector [false], useOpenSSL [true]
2022-05-20 22:14:15,037 INFO [restartedMain] o.a.c.c.AprLifecycleListener [DirectJDKLog.java:173] OpenSSL successfully initialized [OpenSSL 1.1.1l  24 Aug 2021]
2022-05-20 22:14:15,122 INFO [restartedMain] o.a.c.c.C.[.[.[/community] [DirectJDKLog.java:173] Initializing Spring embedded WebApplicationContext
2022-05-20 22:14:15,122 INFO [restartedMain] o.s.b.w.s.c.ServletWebServerApplicationContext [ServletWebServerApplicationContext.java:285] Root WebApplicationContext: initialization completed in 753 ms
2022-05-20 22:14:15,386 INFO [restartedMain] o.s.s.c.ThreadPoolTaskExecutor [ExecutorConfigurationSupport.java:181] Initializing ExecutorService 'applicationTaskExecutor'
2022-05-20 22:14:15,423 INFO [restartedMain] o.s.b.a.w.s.WelcomePageHandlerMapping [WelcomePageHandlerMapping.java:58] Adding welcome page template: index
2022-05-20 22:14:15,530 INFO [restartedMain] o.s.b.d.a.OptionalLiveReloadServer [OptionalLiveReloadServer.java:58] LiveReload server is running on port 35729
2022-05-20 22:14:15,540 INFO [restartedMain] o.a.c.h.Http11NioProtocol [DirectJDKLog.java:173] Starting ProtocolHandler ["http-nio-8080"]
2022-05-20 22:14:15,553 INFO [restartedMain] o.s.b.w.e.t.TomcatWebServer [TomcatWebServer.java:220] Tomcat started on port(s): 8080 (http) with context path '/community'
2022-05-20 22:14:15,559 INFO [restartedMain] c.l.CommunityApplication [StartupInfoLogger.java:61] Started CommunityApplication in 1.498 seconds (JVM running for 2.239)
2022-05-20 22:14:24,869 INFO [http-nio-8080-exec-1] o.a.c.c.C.[.[.[/community] [DirectJDKLog.java:173] Initializing Spring DispatcherServlet 'dispatcherServlet'
2022-05-20 22:14:24,869 INFO [http-nio-8080-exec-1] o.s.w.s.DispatcherServlet [FrameworkServlet.java:525] Initializing Servlet 'dispatcherServlet'
2022-05-20 22:14:24,872 INFO [http-nio-8080-exec-1] o.s.w.s.DispatcherServlet [FrameworkServlet.java:547] Completed initialization in 3 ms
2022-05-20 22:18:31,056 INFO [restartedMain] c.l.CommunityApplication [StartupInfoLogger.java:55] Starting CommunityApplication on LAPTOP-8HNF67T3 with PID 10552 (D:\idea\ideafile\community\target\classes started by laixi in D:\idea\ideafile\community)
2022-05-20 22:18:31,058 INFO [restartedMain] c.l.CommunityApplication [SpringApplication.java:651] No active profile set, falling back to default profiles: default
2022-05-20 22:18:31,090 INFO [restartedMain] o.s.b.d.e.DevToolsPropertyDefaultsPostProcessor [DeferredLog.java:225] Devtools property defaults active! Set 'spring.devtools.add-properties' to 'false' to disable
2022-05-20 22:18:31,090 INFO [restartedMain] o.s.b.d.e.DevToolsPropertyDefaultsPostProcessor [DeferredLog.java:225] For additional web related logging consider setting the 'logging.level.web' property to 'DEBUG'
2022-05-20 22:18:31,718 INFO [restartedMain] o.s.b.w.e.t.TomcatWebServer [TomcatWebServer.java:108] Tomcat initialized with port(s): 8080 (http)
2022-05-20 22:18:31,724 INFO [restartedMain] o.a.c.h.Http11NioProtocol [DirectJDKLog.java:173] Initializing ProtocolHandler ["http-nio-8080"]
2022-05-20 22:18:31,724 INFO [restartedMain] o.a.c.c.StandardService [DirectJDKLog.java:173] Starting service [Tomcat]
2022-05-20 22:18:31,724 INFO [restartedMain] o.a.c.c.StandardEngine [DirectJDKLog.java:173] Starting Servlet engine: [Apache Tomcat/9.0.41]
2022-05-20 22:18:31,725 INFO [restartedMain] o.a.c.c.AprLifecycleListener [DirectJDKLog.java:173] Loaded Apache Tomcat Native library [1.2.31] using APR version [1.7.0].
2022-05-20 22:18:31,726 INFO [restartedMain] o.a.c.c.AprLifecycleListener [DirectJDKLog.java:173] APR capabilities: IPv6 [true], sendfile [true], accept filters [false], random [true].
2022-05-20 22:18:31,726 INFO [restartedMain] o.a.c.c.AprLifecycleListener [DirectJDKLog.java:173] APR/OpenSSL configuration: useAprConnector [false], useOpenSSL [true]
2022-05-20 22:18:31,728 INFO [restartedMain] o.a.c.c.AprLifecycleListener [DirectJDKLog.java:173] OpenSSL successfully initialized [OpenSSL 1.1.1l  24 Aug 2021]
2022-05-20 22:18:31,814 INFO [restartedMain] o.a.c.c.C.[.[.[/community] [DirectJDKLog.java:173] Initializing Spring embedded WebApplicationContext
2022-05-20 22:18:31,815 INFO [restartedMain] o.s.b.w.s.c.ServletWebServerApplicationContext [ServletWebServerApplicationContext.java:285] Root WebApplicationContext: initialization completed in 724 ms
2022-05-20 22:18:32,065 INFO [restartedMain] o.s.s.c.ThreadPoolTaskExecutor [ExecutorConfigurationSupport.java:181] Initializing ExecutorService 'applicationTaskExecutor'
2022-05-20 22:18:32,099 INFO [restartedMain] o.s.b.a.w.s.WelcomePageHandlerMapping [WelcomePageHandlerMapping.java:58] Adding welcome page template: index
2022-05-20 22:18:32,212 INFO [restartedMain] o.s.b.d.a.OptionalLiveReloadServer [OptionalLiveReloadServer.java:58] LiveReload server is running on port 35729
2022-05-20 22:18:32,223 INFO [restartedMain] o.a.c.h.Http11NioProtocol [DirectJDKLog.java:173] Starting ProtocolHandler ["http-nio-8080"]
2022-05-20 22:18:32,235 INFO [restartedMain] o.s.b.w.e.t.TomcatWebServer [TomcatWebServer.java:220] Tomcat started on port(s): 8080 (http) with context path '/community'
2022-05-20 22:18:32,244 INFO [restartedMain] c.l.CommunityApplication [StartupInfoLogger.java:61] Started CommunityApplication in 1.44 seconds (JVM running for 2.133)
2022-05-20 22:24:33,701 INFO [restartedMain] c.l.CommunityApplication [StartupInfoLogger.java:55] Starting CommunityApplication on LAPTOP-8HNF67T3 with PID 13580 (D:\idea\ideafile\community\target\classes started by laixi in D:\idea\ideafile\community)
2022-05-20 22:24:33,703 INFO [restartedMain] c.l.CommunityApplication [SpringApplication.java:651] No active profile set, falling back to default profiles: default
2022-05-20 22:24:33,733 INFO [restartedMain] o.s.b.d.e.DevToolsPropertyDefaultsPostProcessor [DeferredLog.java:225] Devtools property defaults active! Set 'spring.devtools.add-properties' to 'false' to disable
2022-05-20 22:24:33,733 INFO [restartedMain] o.s.b.d.e.DevToolsPropertyDefaultsPostProcessor [DeferredLog.java:225] For additional web related logging consider setting the 'logging.level.web' property to 'DEBUG'
2022-05-20 22:24:34,367 INFO [restartedMain] o.s.b.w.e.t.TomcatWebServer [TomcatWebServer.java:108] Tomcat initialized with port(s): 8080 (http)
2022-05-20 22:24:34,372 INFO [restartedMain] o.a.c.h.Http11NioProtocol [DirectJDKLog.java:173] Initializing ProtocolHandler ["http-nio-8080"]
2022-05-20 22:24:34,372 INFO [restartedMain] o.a.c.c.StandardService [DirectJDKLog.java:173] Starting service [Tomcat]
2022-05-20 22:24:34,372 INFO [restartedMain] o.a.c.c.StandardEngine [DirectJDKLog.java:173] Starting Servlet engine: [Apache Tomcat/9.0.41]
2022-05-20 22:24:34,374 INFO [restartedMain] o.a.c.c.AprLifecycleListener [DirectJDKLog.java:173] Loaded Apache Tomcat Native library [1.2.31] using APR version [1.7.0].
2022-05-20 22:24:34,374 INFO [restartedMain] o.a.c.c.AprLifecycleListener [DirectJDKLog.java:173] APR capabilities: IPv6 [true], sendfile [true], accept filters [false], random [true].
2022-05-20 22:24:34,374 INFO [restartedMain] o.a.c.c.AprLifecycleListener [DirectJDKLog.java:173] APR/OpenSSL configuration: useAprConnector [false], useOpenSSL [true]
2022-05-20 22:24:34,376 INFO [restartedMain] o.a.c.c.AprLifecycleListener [DirectJDKLog.java:173] OpenSSL successfully initialized [OpenSSL 1.1.1l  24 Aug 2021]
2022-05-20 22:24:34,459 INFO [restartedMain] o.a.c.c.C.[.[.[/community] [DirectJDKLog.java:173] Initializing Spring embedded WebApplicationContext
2022-05-20 22:24:34,460 INFO [restartedMain] o.s.b.w.s.c.ServletWebServerApplicationContext [ServletWebServerApplicationContext.java:285] Root WebApplicationContext: initialization completed in 726 ms
2022-05-20 22:24:34,714 INFO [restartedMain] o.s.s.c.ThreadPoolTaskExecutor [ExecutorConfigurationSupport.java:181] Initializing ExecutorService 'applicationTaskExecutor'
2022-05-20 22:24:34,750 INFO [restartedMain] o.s.b.a.w.s.WelcomePageHandlerMapping [WelcomePageHandlerMapping.java:58] Adding welcome page template: index
2022-05-20 22:24:34,857 INFO [restartedMain] o.s.b.d.a.OptionalLiveReloadServer [OptionalLiveReloadServer.java:58] LiveReload server is running on port 35729
2022-05-20 22:24:34,867 INFO [restartedMain] o.a.c.h.Http11NioProtocol [DirectJDKLog.java:173] Starting ProtocolHandler ["http-nio-8080"]
2022-05-20 22:24:34,878 INFO [restartedMain] o.s.b.w.e.t.TomcatWebServer [TomcatWebServer.java:220] Tomcat started on port(s): 8080 (http) with context path '/community'
2022-05-20 22:24:34,885 INFO [restartedMain] c.l.CommunityApplication [StartupInfoLogger.java:61] Started CommunityApplication in 1.429 seconds (JVM running for 2.291)
2022-05-20 22:24:44,626 INFO [http-nio-8080-exec-1] o.a.c.c.C.[.[.[/community] [DirectJDKLog.java:173] Initializing Spring DispatcherServlet 'dispatcherServlet'
2022-05-20 22:24:44,626 INFO [http-nio-8080-exec-1] o.s.w.s.DispatcherServlet [FrameworkServlet.java:525] Initializing Servlet 'dispatcherServlet'
2022-05-20 22:24:44,630 INFO [http-nio-8080-exec-1] o.s.w.s.DispatcherServlet [FrameworkServlet.java:547] Completed initialization in 4 ms
2022-05-20 22:24:44,660 INFO [http-nio-8080-exec-1] c.z.h.HikariDataSource [HikariDataSource.java:110] defaultDataSource - Starting...
2022-05-20 22:24:45,012 INFO [http-nio-8080-exec-1] c.z.h.HikariDataSource [HikariDataSource.java:123] defaultDataSource - Start completed.
2022-05-20 22:26:16,211 INFO [restartedMain] c.l.CommunityApplication [StartupInfoLogger.java:55] Starting CommunityApplication on LAPTOP-8HNF67T3 with PID 35984 (D:\idea\ideafile\community\target\classes started by laixi in D:\idea\ideafile\community)
2022-05-20 22:26:16,213 INFO [restartedMain] c.l.CommunityApplication [SpringApplication.java:651] No active profile set, falling back to default profiles: default
2022-05-20 22:26:16,248 INFO [restartedMain] o.s.b.d.e.DevToolsPropertyDefaultsPostProcessor [DeferredLog.java:225] Devtools property defaults active! Set 'spring.devtools.add-properties' to 'false' to disable
2022-05-20 22:26:16,248 INFO [restartedMain] o.s.b.d.e.DevToolsPropertyDefaultsPostProcessor [DeferredLog.java:225] For additional web related logging consider setting the 'logging.level.web' property to 'DEBUG'
2022-05-20 22:26:16,932 INFO [restartedMain] o.s.b.w.e.t.TomcatWebServer [TomcatWebServer.java:108] Tomcat initialized with port(s): 8080 (http)
2022-05-20 22:26:16,937 INFO [restartedMain] o.a.c.h.Http11NioProtocol [DirectJDKLog.java:173] Initializing ProtocolHandler ["http-nio-8080"]
2022-05-20 22:26:16,938 INFO [restartedMain] o.a.c.c.StandardService [DirectJDKLog.java:173] Starting service [Tomcat]
2022-05-20 22:26:16,938 INFO [restartedMain] o.a.c.c.StandardEngine [DirectJDKLog.java:173] Starting Servlet engine: [Apache Tomcat/9.0.41]
2022-05-20 22:26:16,939 INFO [restartedMain] o.a.c.c.AprLifecycleListener [DirectJDKLog.java:173] Loaded Apache Tomcat Native library [1.2.31] using APR version [1.7.0].
2022-05-20 22:26:16,940 INFO [restartedMain] o.a.c.c.AprLifecycleListener [DirectJDKLog.java:173] APR capabilities: IPv6 [true], sendfile [true], accept filters [false], random [true].
2022-05-20 22:26:16,940 INFO [restartedMain] o.a.c.c.AprLifecycleListener [DirectJDKLog.java:173] APR/OpenSSL configuration: useAprConnector [false], useOpenSSL [true]
2022-05-20 22:26:16,942 INFO [restartedMain] o.a.c.c.AprLifecycleListener [DirectJDKLog.java:173] OpenSSL successfully initialized [OpenSSL 1.1.1l  24 Aug 2021]
2022-05-20 22:26:17,039 INFO [restartedMain] o.a.c.c.C.[.[.[/community] [DirectJDKLog.java:173] Initializing Spring embedded WebApplicationContext
2022-05-20 22:26:17,040 INFO [restartedMain] o.s.b.w.s.c.ServletWebServerApplicationContext [ServletWebServerApplicationContext.java:285] Root WebApplicationContext: initialization completed in 792 ms
2022-05-20 22:26:17,316 INFO [restartedMain] o.s.s.c.ThreadPoolTaskExecutor [ExecutorConfigurationSupport.java:181] Initializing ExecutorService 'applicationTaskExecutor'
2022-05-20 22:26:17,353 INFO [restartedMain] o.s.b.a.w.s.WelcomePageHandlerMapping [WelcomePageHandlerMapping.java:58] Adding welcome page template: index
2022-05-20 22:26:17,476 INFO [restartedMain] o.s.b.d.a.OptionalLiveReloadServer [OptionalLiveReloadServer.java:58] LiveReload server is running on port 35729
2022-05-20 22:26:17,487 INFO [restartedMain] o.a.c.h.Http11NioProtocol [DirectJDKLog.java:173] Starting ProtocolHandler ["http-nio-8080"]
2022-05-20 22:26:17,501 INFO [restartedMain] o.s.b.w.e.t.TomcatWebServer [TomcatWebServer.java:220] Tomcat started on port(s): 8080 (http) with context path '/community'
2022-05-20 22:26:17,509 INFO [restartedMain] c.l.CommunityApplication [StartupInfoLogger.java:61] Started CommunityApplication in 1.574 seconds (JVM running for 2.359)
2022-05-20 22:26:21,684 INFO [http-nio-8080-exec-1] o.a.c.c.C.[.[.[/community] [DirectJDKLog.java:173] Initializing Spring DispatcherServlet 'dispatcherServlet'
2022-05-20 22:26:21,684 INFO [http-nio-8080-exec-1] o.s.w.s.DispatcherServlet [FrameworkServlet.java:525] Initializing Servlet 'dispatcherServlet'
2022-05-20 22:26:21,687 INFO [http-nio-8080-exec-1] o.s.w.s.DispatcherServlet [FrameworkServlet.java:547] Completed initialization in 3 ms
